Building DAG of jobs...
Using shell: /usr/bin/bash
Provided cores: 1
Rules claiming more threads will be scaled down.
Unlimited resources: mem_mb
Job counts:
	count	jobs
	4	bwa_index
	1	final
	5

[Tue Aug 13 21:17:18 2019]
Job 9: --- BWA INDEX

[Tue Aug 13 21:20:32 2019]
Finished job 9.
1 of 5 steps (20%) done

[Tue Aug 13 21:20:32 2019]
Job 10: --- BWA INDEX

[Tue Aug 13 21:24:16 2019]
Finished job 10.
2 of 5 steps (40%) done

[Tue Aug 13 21:24:16 2019]
Job 11: --- BWA INDEX

[Tue Aug 13 21:27:23 2019]
Finished job 11.
3 of 5 steps (60%) done

[Tue Aug 13 21:27:23 2019]
Job 12: --- BWA INDEX

[Tue Aug 13 21:30:02 2019]
Finished job 12.
4 of 5 steps (80%) done

[Tue Aug 13 21:30:02 2019]
localrule final:
    input: /workdir/users/agk85/CDC2/hic/mapping/references/B331-2_scaffold.sa, /workdir/users/agk85/CDC2/hic/mapping/references/B320-2_scaffold.sa, /workdir/users/agk85/CDC2/hic/mapping/references/B357-2_scaffold.sa, /workdir/users/agk85/CDC2/hic/mapping/references/US3-10_scaffold.sa, /workdir/users/agk85/CDC2/hic/mapping/references/US3-12_scaffold.sa, /workdir/users/agk85/CDC2/hic/mapping/references/US3-8_scaffold.sa, /workdir/users/agk85/CDC2/hic/mapping/references/US8-3_scaffold.sa, /workdir/users/agk85/CDC2/hic/mapping/references/US8-4_scaffold.sa, /workdir/users/agk85/CDC2/hic/mapping/references/US8-2_scaffold.sa, /workdir/users/agk85/CDC2/hic/mapping/references/US8-1_scaffold.sa, /workdir/users/agk85/CDC2/hic/mapping/references/US8-5_scaffold.sa, /workdir/users/agk85/CDC2/hic/mapping/references/US3-14_scaffold.sa
    jobid: 0

[Tue Aug 13 21:30:02 2019]
Finished job 0.
5 of 5 steps (100%) done
Complete log: /local/workdir/users/agk85/CDC2/scripts/mapping/.snakemake/log/2019-08-13T211718.001715.snakemake.log
