Building DAG of jobs...
Job counts:
	count	jobs
	48	bwa
	48	filter
	1	final
	48	primary_filter
	48	rpkm
	48	sam2bam
	48	sortbam
	48	sorted
	337

[Fri Aug 16 14:07:30 2019]
rule bwa:
    input: /workdir/data/CDC/metagenomes/merged/unzip/US8-4.1.fastq, /workdir/data/CDC/metagenomes/merged/unzip/US8-4.2.fastq
    output: /workdir/users/agk85/simulated/mapping/US8-4/US8-4.sam, /workdir/users/agk85/simulated/mapping/US8-4/done_mapped_scaffolds
    jobid: 29
    wildcards: NAME=US8-4
    resources: mem_mb=40


[Fri Aug 16 14:07:30 2019]
rule bwa:
    input: /workdir/data/CDC/metagenomes/merged/unzip/B331-1.1.fastq, /workdir/data/CDC/metagenomes/merged/unzip/B331-1.2.fastq
    output: /workdir/users/agk85/simulated/mapping/B331-1/B331-1.sam, /workdir/users/agk85/simulated/mapping/B331-1/done_mapped_scaffolds
    jobid: 33
    wildcards: NAME=B331-1
    resources: mem_mb=40


[Fri Aug 16 14:07:30 2019]
rule bwa:
    input: /workdir/data/CDC/metagenomes/merged/unzip/B331-4.1.fastq, /workdir/data/CDC/metagenomes/merged/unzip/B331-4.2.fastq
    output: /workdir/users/agk85/simulated/mapping/B331-4/B331-4.sam, /workdir/users/agk85/simulated/mapping/B331-4/done_mapped_scaffolds
    jobid: 36
    wildcards: NAME=B331-4
    resources: mem_mb=40


[Fri Aug 16 14:07:30 2019]
rule bwa:
    input: /workdir/data/CDC/metagenomes/merged/unzip/US3-10.1.fastq, /workdir/data/CDC/metagenomes/merged/unzip/US3-10.2.fastq
    output: /workdir/users/agk85/simulated/mapping/US3-10/US3-10.sam, /workdir/users/agk85/simulated/mapping/US3-10/done_mapped_scaffolds
    jobid: 45
    wildcards: NAME=US3-10
    resources: mem_mb=40


[Fri Aug 16 14:07:30 2019]
rule bwa:
    input: /workdir/data/CDC/metagenomes/merged/unzip/B316-4.1.fastq, /workdir/data/CDC/metagenomes/merged/unzip/B316-4.2.fastq
    output: /workdir/users/agk85/simulated/mapping/B316-4/B316-4.sam, /workdir/users/agk85/simulated/mapping/B316-4/done_mapped_scaffolds
    jobid: 13
    wildcards: NAME=B316-4
    resources: mem_mb=40


[Fri Aug 16 14:07:30 2019]
rule bwa:
    input: /workdir/data/CDC/metagenomes/merged/unzip/B370-4.1.fastq, /workdir/data/CDC/metagenomes/merged/unzip/B370-4.2.fastq
    output: /workdir/users/agk85/simulated/mapping/B370-4/B370-4.sam, /workdir/users/agk85/simulated/mapping/B370-4/done_mapped_scaffolds
    jobid: 6
    wildcards: NAME=B370-4
    resources: mem_mb=40


[Fri Aug 16 14:07:30 2019]
rule bwa:
    input: /workdir/data/CDC/metagenomes/merged/unzip/US8-5.1.fastq, /workdir/data/CDC/metagenomes/merged/unzip/US8-5.2.fastq
    output: /workdir/users/agk85/simulated/mapping/US8-5/US8-5.sam, /workdir/users/agk85/simulated/mapping/US8-5/done_mapped_scaffolds
    jobid: 31
    wildcards: NAME=US8-5
    resources: mem_mb=40


[Fri Aug 16 14:07:30 2019]
rule bwa:
    input: /workdir/data/CDC/metagenomes/merged/unzip/B320-5.1.fastq, /workdir/data/CDC/metagenomes/merged/unzip/B320-5.2.fastq
    output: /workdir/users/agk85/simulated/mapping/B320-5/B320-5.sam, /workdir/users/agk85/simulated/mapping/B320-5/done_mapped_scaffolds
    jobid: 8
    wildcards: NAME=B320-5
    resources: mem_mb=40


[Fri Aug 16 14:07:30 2019]
rule bwa:
    input: /workdir/data/CDC/metagenomes/merged/unzip/US8-3.1.fastq, /workdir/data/CDC/metagenomes/merged/unzip/US8-3.2.fastq
    output: /workdir/users/agk85/simulated/mapping/US8-3/US8-3.sam, /workdir/users/agk85/simulated/mapping/US8-3/done_mapped_scaffolds
    jobid: 27
    wildcards: NAME=US8-3
    resources: mem_mb=40


[Fri Aug 16 14:07:30 2019]
rule bwa:
    input: /workdir/data/CDC/metagenomes/merged/unzip/B357-4.1.fastq, /workdir/data/CDC/metagenomes/merged/unzip/B357-4.2.fastq
    output: /workdir/users/agk85/simulated/mapping/B357-4/B357-4.sam, /workdir/users/agk85/simulated/mapping/B357-4/done_mapped_scaffolds
    jobid: 21
    wildcards: NAME=B357-4
    resources: mem_mb=40


[Fri Aug 16 14:07:30 2019]
rule bwa:
    input: /workdir/data/CDC/metagenomes/merged/unzip/B316-6.1.fastq, /workdir/data/CDC/metagenomes/merged/unzip/B316-6.2.fastq
    output: /workdir/users/agk85/simulated/mapping/B316-6/B316-6.sam, /workdir/users/agk85/simulated/mapping/B316-6/done_mapped_scaffolds
    jobid: 38
    wildcards: NAME=B316-6
    resources: mem_mb=40


[Fri Aug 16 14:07:30 2019]
rule bwa:
    input: /workdir/data/CDC/metagenomes/merged/unzip/B320-1.1.fastq, /workdir/data/CDC/metagenomes/merged/unzip/B320-1.2.fastq
    output: /workdir/users/agk85/simulated/mapping/B320-1/B320-1.sam, /workdir/users/agk85/simulated/mapping/B320-1/done_mapped_scaffolds
    jobid: 3
    wildcards: NAME=B320-1
    resources: mem_mb=40


[Fri Aug 16 14:07:30 2019]
rule bwa:
    input: /workdir/data/CDC/metagenomes/merged/unzip/B357-1.1.fastq, /workdir/data/CDC/metagenomes/merged/unzip/B357-1.2.fastq
    output: /workdir/users/agk85/simulated/mapping/B357-1/B357-1.sam, /workdir/users/agk85/simulated/mapping/B357-1/done_mapped_scaffolds
    jobid: 16
    wildcards: NAME=B357-1
    resources: mem_mb=40


[Fri Aug 16 14:07:30 2019]
rule bwa:
    input: /workdir/data/CDC/metagenomes/merged/unzip/US2.1.fastq, /workdir/data/CDC/metagenomes/merged/unzip/US2.2.fastq
    output: /workdir/users/agk85/simulated/mapping/US2/US2.sam, /workdir/users/agk85/simulated/mapping/US2/done_mapped_scaffolds
    jobid: 43
    wildcards: NAME=US2
    resources: mem_mb=40


[Fri Aug 16 14:07:30 2019]
rule bwa:
    input: /workdir/data/CDC/metagenomes/merged/unzip/B314-3.1.fastq, /workdir/data/CDC/metagenomes/merged/unzip/B314-3.2.fastq
    output: /workdir/users/agk85/simulated/mapping/B314-3/B314-3.sam, /workdir/users/agk85/simulated/mapping/B314-3/done_mapped_scaffolds
    jobid: 1
    wildcards: NAME=B314-3
    resources: mem_mb=40


[Fri Aug 16 14:07:30 2019]
rule bwa:
    input: /workdir/data/CDC/metagenomes/merged/unzip/B357-3.1.fastq, /workdir/data/CDC/metagenomes/merged/unzip/B357-3.2.fastq
    output: /workdir/users/agk85/simulated/mapping/B357-3/B357-3.sam, /workdir/users/agk85/simulated/mapping/B357-3/done_mapped_scaffolds
    jobid: 17
    wildcards: NAME=B357-3
    resources: mem_mb=40


[Fri Aug 16 14:07:30 2019]
rule bwa:
    input: /workdir/data/CDC/metagenomes/merged/unzip/US6.1.fastq, /workdir/data/CDC/metagenomes/merged/unzip/US6.2.fastq
    output: /workdir/users/agk85/simulated/mapping/US6/US6.sam, /workdir/users/agk85/simulated/mapping/US6/done_mapped_scaffolds
    jobid: 41
    wildcards: NAME=US6
    resources: mem_mb=40


[Fri Aug 16 14:07:30 2019]
rule bwa:
    input: /workdir/data/CDC/metagenomes/merged/unzip/B316-3.1.fastq, /workdir/data/CDC/metagenomes/merged/unzip/B316-3.2.fastq
    output: /workdir/users/agk85/simulated/mapping/B316-3/B316-3.sam, /workdir/users/agk85/simulated/mapping/B316-3/done_mapped_scaffolds
    jobid: 32
    wildcards: NAME=B316-3
    resources: mem_mb=40


[Fri Aug 16 14:07:30 2019]
rule bwa:
    input: /workdir/data/CDC/metagenomes/merged/unzip/B370-1.1.fastq, /workdir/data/CDC/metagenomes/merged/unzip/B370-1.2.fastq
    output: /workdir/users/agk85/simulated/mapping/B370-1/B370-1.sam, /workdir/users/agk85/simulated/mapping/B370-1/done_mapped_scaffolds
    jobid: 4
    wildcards: NAME=B370-1
    resources: mem_mb=40


[Fri Aug 16 14:07:30 2019]
rule bwa:
    input: /workdir/data/CDC/metagenomes/merged/unzip/B370-5.1.fastq, /workdir/data/CDC/metagenomes/merged/unzip/B370-5.2.fastq
    output: /workdir/users/agk85/simulated/mapping/B370-5/B370-5.sam, /workdir/users/agk85/simulated/mapping/B370-5/done_mapped_scaffolds
    jobid: 12
    wildcards: NAME=B370-5
    resources: mem_mb=40


[Fri Aug 16 14:07:30 2019]
rule bwa:
    input: /workdir/data/CDC/metagenomes/merged/unzip/B331-3.1.fastq, /workdir/data/CDC/metagenomes/merged/unzip/B331-3.2.fastq
    output: /workdir/users/agk85/simulated/mapping/B331-3/B331-3.sam, /workdir/users/agk85/simulated/mapping/B331-3/done_mapped_scaffolds
    jobid: 26
    wildcards: NAME=B331-3
    resources: mem_mb=40


[Fri Aug 16 14:07:30 2019]
rule bwa:
    input: /workdir/data/CDC/metagenomes/merged/unzip/B316-5.1.fastq, /workdir/data/CDC/metagenomes/merged/unzip/B316-5.2.fastq
    output: /workdir/users/agk85/simulated/mapping/B316-5/B316-5.sam, /workdir/users/agk85/simulated/mapping/B316-5/done_mapped_scaffolds
    jobid: 40
    wildcards: NAME=B316-5
    resources: mem_mb=40


[Fri Aug 16 14:07:30 2019]
rule bwa:
    input: /workdir/data/CDC/metagenomes/merged/unzip/B314-1.1.fastq, /workdir/data/CDC/metagenomes/merged/unzip/B314-1.2.fastq
    output: /workdir/users/agk85/simulated/mapping/B314-1/B314-1.sam, /workdir/users/agk85/simulated/mapping/B314-1/done_mapped_scaffolds
    jobid: 19
    wildcards: NAME=B314-1
    resources: mem_mb=40


[Fri Aug 16 14:07:30 2019]
rule bwa:
    input: /workdir/data/CDC/metagenomes/merged/unzip/B316-7.1.fastq, /workdir/data/CDC/metagenomes/merged/unzip/B316-7.2.fastq
    output: /workdir/users/agk85/simulated/mapping/B316-7/B316-7.sam, /workdir/users/agk85/simulated/mapping/B316-7/done_mapped_scaffolds
    jobid: 39
    wildcards: NAME=B316-7
    resources: mem_mb=40


[Fri Aug 16 14:07:30 2019]
rule bwa:
    input: /workdir/data/CDC/metagenomes/merged/unzip/B320-4.1.fastq, /workdir/data/CDC/metagenomes/merged/unzip/B320-4.2.fastq
    output: /workdir/users/agk85/simulated/mapping/B320-4/B320-4.sam, /workdir/users/agk85/simulated/mapping/B320-4/done_mapped_scaffolds
    jobid: 44
    wildcards: NAME=B320-4
    resources: mem_mb=40


[Fri Aug 16 14:07:30 2019]
rule bwa:
    input: /workdir/data/CDC/metagenomes/merged/unzip/B357-2.1.fastq, /workdir/data/CDC/metagenomes/merged/unzip/B357-2.2.fastq
    output: /workdir/users/agk85/simulated/mapping/B357-2/B357-2.sam, /workdir/users/agk85/simulated/mapping/B357-2/done_mapped_scaffolds
    jobid: 18
    wildcards: NAME=B357-2
    resources: mem_mb=40


[Fri Aug 16 14:07:30 2019]
rule bwa:
    input: /workdir/data/CDC/metagenomes/merged/unzip/US3-12.1.fastq, /workdir/data/CDC/metagenomes/merged/unzip/US3-12.2.fastq
    output: /workdir/users/agk85/simulated/mapping/US3-12/US3-12.sam, /workdir/users/agk85/simulated/mapping/US3-12/done_mapped_scaffolds
    jobid: 48
    wildcards: NAME=US3-12
    resources: mem_mb=40


[Fri Aug 16 14:07:30 2019]
rule bwa:
    input: /workdir/data/CDC/metagenomes/merged/unzip/B316-1.1.fastq, /workdir/data/CDC/metagenomes/merged/unzip/B316-1.2.fastq
    output: /workdir/users/agk85/simulated/mapping/B316-1/B316-1.sam, /workdir/users/agk85/simulated/mapping/B316-1/done_mapped_scaffolds
    jobid: 22
    wildcards: NAME=B316-1
    resources: mem_mb=40


[Fri Aug 16 14:07:30 2019]
rule bwa:
    input: /workdir/data/CDC/metagenomes/merged/unzip/B314-4.1.fastq, /workdir/data/CDC/metagenomes/merged/unzip/B314-4.2.fastq
    output: /workdir/users/agk85/simulated/mapping/B314-4/B314-4.sam, /workdir/users/agk85/simulated/mapping/B314-4/done_mapped_scaffolds
    jobid: 2
    wildcards: NAME=B314-4
    resources: mem_mb=40


[Fri Aug 16 14:07:30 2019]
rule bwa:
    input: /workdir/data/CDC/metagenomes/merged/unzip/B370-3.1.fastq, /workdir/data/CDC/metagenomes/merged/unzip/B370-3.2.fastq
    output: /workdir/users/agk85/simulated/mapping/B370-3/B370-3.sam, /workdir/users/agk85/simulated/mapping/B370-3/done_mapped_scaffolds
    jobid: 11
    wildcards: NAME=B370-3
    resources: mem_mb=40


[Fri Aug 16 14:07:30 2019]
rule bwa:
    input: /workdir/data/CDC/metagenomes/merged/unzip/B357-6.1.fastq, /workdir/data/CDC/metagenomes/merged/unzip/B357-6.2.fastq
    output: /workdir/users/agk85/simulated/mapping/B357-6/B357-6.sam, /workdir/users/agk85/simulated/mapping/B357-6/done_mapped_scaffolds
    jobid: 30
    wildcards: NAME=B357-6
    resources: mem_mb=40


[Fri Aug 16 14:07:30 2019]
rule bwa:
    input: /workdir/data/CDC/metagenomes/merged/unzip/US3-8.1.fastq, /workdir/data/CDC/metagenomes/merged/unzip/US3-8.2.fastq
    output: /workdir/users/agk85/simulated/mapping/US3-8/US3-8.sam, /workdir/users/agk85/simulated/mapping/US3-8/done_mapped_scaffolds
    jobid: 7
    wildcards: NAME=US3-8
    resources: mem_mb=40


[Fri Aug 16 14:07:30 2019]
rule bwa:
    input: /workdir/data/CDC/metagenomes/merged/unzip/B370-2.1.fastq, /workdir/data/CDC/metagenomes/merged/unzip/B370-2.2.fastq
    output: /workdir/users/agk85/simulated/mapping/B370-2/B370-2.sam, /workdir/users/agk85/simulated/mapping/B370-2/done_mapped_scaffolds
    jobid: 5
    wildcards: NAME=B370-2
    resources: mem_mb=40


[Fri Aug 16 14:07:30 2019]
rule bwa:
    input: /workdir/data/CDC/metagenomes/merged/unzip/B335-2.1.fastq, /workdir/data/CDC/metagenomes/merged/unzip/B335-2.2.fastq
    output: /workdir/users/agk85/simulated/mapping/B335-2/B335-2.sam, /workdir/users/agk85/simulated/mapping/B335-2/done_mapped_scaffolds
    jobid: 37
    wildcards: NAME=B335-2
    resources: mem_mb=40


[Fri Aug 16 14:07:30 2019]
rule bwa:
    input: /workdir/data/CDC/metagenomes/merged/unzip/US8-1.1.fastq, /workdir/data/CDC/metagenomes/merged/unzip/US8-1.2.fastq
    output: /workdir/users/agk85/simulated/mapping/US8-1/US8-1.sam, /workdir/users/agk85/simulated/mapping/US8-1/done_mapped_scaffolds
    jobid: 14
    wildcards: NAME=US8-1
    resources: mem_mb=40


[Fri Aug 16 14:07:30 2019]
rule bwa:
    input: /workdir/data/CDC/metagenomes/merged/unzip/B320-3.1.fastq, /workdir/data/CDC/metagenomes/merged/unzip/B320-3.2.fastq
    output: /workdir/users/agk85/simulated/mapping/B320-3/B320-3.sam, /workdir/users/agk85/simulated/mapping/B320-3/done_mapped_scaffolds
    jobid: 10
    wildcards: NAME=B320-3
    resources: mem_mb=40


[Fri Aug 16 14:07:30 2019]
rule bwa:
    input: /workdir/data/CDC/metagenomes/merged/unzip/B320-2.1.fastq, /workdir/data/CDC/metagenomes/merged/unzip/B320-2.2.fastq
    output: /workdir/users/agk85/simulated/mapping/B320-2/B320-2.sam, /workdir/users/agk85/simulated/mapping/B320-2/done_mapped_scaffolds
    jobid: 9
    wildcards: NAME=B320-2
    resources: mem_mb=40


[Fri Aug 16 14:07:30 2019]
rule bwa:
    input: /workdir/data/CDC/metagenomes/merged/unzip/US3-14.1.fastq, /workdir/data/CDC/metagenomes/merged/unzip/US3-14.2.fastq
    output: /workdir/users/agk85/simulated/mapping/US3-14/US3-14.sam, /workdir/users/agk85/simulated/mapping/US3-14/done_mapped_scaffolds
    jobid: 47
    wildcards: NAME=US3-14
    resources: mem_mb=40


[Fri Aug 16 14:07:30 2019]
rule bwa:
    input: /workdir/data/CDC/metagenomes/merged/unzip/B357-5.1.fastq, /workdir/data/CDC/metagenomes/merged/unzip/B357-5.2.fastq
    output: /workdir/users/agk85/simulated/mapping/B357-5/B357-5.sam, /workdir/users/agk85/simulated/mapping/B357-5/done_mapped_scaffolds
    jobid: 23
    wildcards: NAME=B357-5
    resources: mem_mb=40


[Fri Aug 16 14:07:30 2019]
rule bwa:
    input: /workdir/data/CDC/metagenomes/merged/unzip/US5.1.fastq, /workdir/data/CDC/metagenomes/merged/unzip/US5.2.fastq
    output: /workdir/users/agk85/simulated/mapping/US5/US5.sam, /workdir/users/agk85/simulated/mapping/US5/done_mapped_scaffolds
    jobid: 34
    wildcards: NAME=US5
    resources: mem_mb=40


[Fri Aug 16 14:07:30 2019]
rule bwa:
    input: /workdir/data/CDC/metagenomes/merged/unzip/B335-3.1.fastq, /workdir/data/CDC/metagenomes/merged/unzip/B335-3.2.fastq
    output: /workdir/users/agk85/simulated/mapping/B335-3/B335-3.sam, /workdir/users/agk85/simulated/mapping/B335-3/done_mapped_scaffolds
    jobid: 35
    wildcards: NAME=B335-3
    resources: mem_mb=40


[Fri Aug 16 14:07:30 2019]
rule bwa:
    input: /workdir/data/CDC/metagenomes/merged/unzip/US7.1.fastq, /workdir/data/CDC/metagenomes/merged/unzip/US7.2.fastq
    output: /workdir/users/agk85/simulated/mapping/US7/US7.sam, /workdir/users/agk85/simulated/mapping/US7/done_mapped_scaffolds
    jobid: 42
    wildcards: NAME=US7
    resources: mem_mb=40


[Fri Aug 16 14:07:30 2019]
rule bwa:
    input: /workdir/data/CDC/metagenomes/merged/unzip/US8-2.1.fastq, /workdir/data/CDC/metagenomes/merged/unzip/US8-2.2.fastq
    output: /workdir/users/agk85/simulated/mapping/US8-2/US8-2.sam, /workdir/users/agk85/simulated/mapping/US8-2/done_mapped_scaffolds
    jobid: 24
    wildcards: NAME=US8-2
    resources: mem_mb=40


[Fri Aug 16 14:07:30 2019]
rule bwa:
    input: /workdir/data/CDC/metagenomes/merged/unzip/B335-1.1.fastq, /workdir/data/CDC/metagenomes/merged/unzip/B335-1.2.fastq
    output: /workdir/users/agk85/simulated/mapping/B335-1/B335-1.sam, /workdir/users/agk85/simulated/mapping/B335-1/done_mapped_scaffolds
    jobid: 28
    wildcards: NAME=B335-1
    resources: mem_mb=40


[Fri Aug 16 14:07:30 2019]
rule bwa:
    input: /workdir/data/CDC/metagenomes/merged/unzip/US3-16.1.fastq, /workdir/data/CDC/metagenomes/merged/unzip/US3-16.2.fastq
    output: /workdir/users/agk85/simulated/mapping/US3-16/US3-16.sam, /workdir/users/agk85/simulated/mapping/US3-16/done_mapped_scaffolds
    jobid: 46
    wildcards: NAME=US3-16
    resources: mem_mb=40


[Fri Aug 16 14:07:30 2019]
rule bwa:
    input: /workdir/data/CDC/metagenomes/merged/unzip/B331-2.1.fastq, /workdir/data/CDC/metagenomes/merged/unzip/B331-2.2.fastq
    output: /workdir/users/agk85/simulated/mapping/B331-2/B331-2.sam, /workdir/users/agk85/simulated/mapping/B331-2/done_mapped_scaffolds
    jobid: 25
    wildcards: NAME=B331-2
    resources: mem_mb=40


[Fri Aug 16 14:07:30 2019]
rule bwa:
    input: /workdir/data/CDC/metagenomes/merged/unzip/B316-2.1.fastq, /workdir/data/CDC/metagenomes/merged/unzip/B316-2.2.fastq
    output: /workdir/users/agk85/simulated/mapping/B316-2/B316-2.sam, /workdir/users/agk85/simulated/mapping/B316-2/done_mapped_scaffolds
    jobid: 15
    wildcards: NAME=B316-2
    resources: mem_mb=40


[Fri Aug 16 14:07:30 2019]
rule bwa:
    input: /workdir/data/CDC/metagenomes/merged/unzip/B314-2.1.fastq, /workdir/data/CDC/metagenomes/merged/unzip/B314-2.2.fastq
    output: /workdir/users/agk85/simulated/mapping/B314-2/B314-2.sam, /workdir/users/agk85/simulated/mapping/B314-2/done_mapped_scaffolds
    jobid: 20
    wildcards: NAME=B314-2
    resources: mem_mb=40


[Fri Aug 16 14:07:30 2019]
rule primary_filter:
    input: /workdir/users/agk85/simulated/mapping/B320-4/B320-4.sam
    output: /workdir/users/agk85/simulated/mapping/B320-4/B320-4.nss.sam, /workdir/users/agk85/simulated/mapping/B320-4/B320-4.supp.sam, /workdir/users/agk85/simulated/mapping/B320-4/done_nss_scaffolds
    jobid: 92
    wildcards: NAME=B320-4
    resources: mem_mb=15


[Fri Aug 16 14:07:30 2019]
rule primary_filter:
    input: /workdir/users/agk85/simulated/mapping/B314-1/B314-1.sam
    output: /workdir/users/agk85/simulated/mapping/B314-1/B314-1.nss.sam, /workdir/users/agk85/simulated/mapping/B314-1/B314-1.supp.sam, /workdir/users/agk85/simulated/mapping/B314-1/done_nss_scaffolds
    jobid: 67
    wildcards: NAME=B314-1
    resources: mem_mb=15


[Fri Aug 16 14:07:30 2019]
rule primary_filter:
    input: /workdir/users/agk85/simulated/mapping/B316-5/B316-5.sam
    output: /workdir/users/agk85/simulated/mapping/B316-5/B316-5.nss.sam, /workdir/users/agk85/simulated/mapping/B316-5/B316-5.supp.sam, /workdir/users/agk85/simulated/mapping/B316-5/done_nss_scaffolds
    jobid: 88
    wildcards: NAME=B316-5
    resources: mem_mb=15


[Fri Aug 16 14:07:30 2019]
rule primary_filter:
    input: /workdir/users/agk85/simulated/mapping/B316-7/B316-7.sam
    output: /workdir/users/agk85/simulated/mapping/B316-7/B316-7.nss.sam, /workdir/users/agk85/simulated/mapping/B316-7/B316-7.supp.sam, /workdir/users/agk85/simulated/mapping/B316-7/done_nss_scaffolds
    jobid: 87
    wildcards: NAME=B316-7
    resources: mem_mb=15


[Fri Aug 16 14:07:30 2019]
rule primary_filter:
    input: /workdir/users/agk85/simulated/mapping/B370-5/B370-5.sam
    output: /workdir/users/agk85/simulated/mapping/B370-5/B370-5.nss.sam, /workdir/users/agk85/simulated/mapping/B370-5/B370-5.supp.sam, /workdir/users/agk85/simulated/mapping/B370-5/done_nss_scaffolds
    jobid: 60
    wildcards: NAME=B370-5
    resources: mem_mb=15


[Fri Aug 16 14:07:30 2019]
rule primary_filter:
    input: /workdir/users/agk85/simulated/mapping/US3-12/US3-12.sam
    output: /workdir/users/agk85/simulated/mapping/US3-12/US3-12.nss.sam, /workdir/users/agk85/simulated/mapping/US3-12/US3-12.supp.sam, /workdir/users/agk85/simulated/mapping/US3-12/done_nss_scaffolds
    jobid: 96
    wildcards: NAME=US3-12
    resources: mem_mb=15


[Fri Aug 16 14:07:30 2019]
rule primary_filter:
    input: /workdir/users/agk85/simulated/mapping/B316-3/B316-3.sam
    output: /workdir/users/agk85/simulated/mapping/B316-3/B316-3.nss.sam, /workdir/users/agk85/simulated/mapping/B316-3/B316-3.supp.sam, /workdir/users/agk85/simulated/mapping/B316-3/done_nss_scaffolds
    jobid: 80
    wildcards: NAME=B316-3
    resources: mem_mb=15


[Fri Aug 16 14:07:30 2019]
rule primary_filter:
    input: /workdir/users/agk85/simulated/mapping/US6/US6.sam
    output: /workdir/users/agk85/simulated/mapping/US6/US6.nss.sam, /workdir/users/agk85/simulated/mapping/US6/US6.supp.sam, /workdir/users/agk85/simulated/mapping/US6/done_nss_scaffolds
    jobid: 89
    wildcards: NAME=US6
    resources: mem_mb=15


[Fri Aug 16 14:07:30 2019]
rule primary_filter:
    input: /workdir/users/agk85/simulated/mapping/B314-3/B314-3.sam
    output: /workdir/users/agk85/simulated/mapping/B314-3/B314-3.nss.sam, /workdir/users/agk85/simulated/mapping/B314-3/B314-3.supp.sam, /workdir/users/agk85/simulated/mapping/B314-3/done_nss_scaffolds
    jobid: 49
    wildcards: NAME=B314-3
    resources: mem_mb=15


[Fri Aug 16 14:07:30 2019]
rule primary_filter:
    input: /workdir/users/agk85/simulated/mapping/B316-6/B316-6.sam
    output: /workdir/users/agk85/simulated/mapping/B316-6/B316-6.nss.sam, /workdir/users/agk85/simulated/mapping/B316-6/B316-6.supp.sam, /workdir/users/agk85/simulated/mapping/B316-6/done_nss_scaffolds
    jobid: 86
    wildcards: NAME=B316-6
    resources: mem_mb=15


[Fri Aug 16 14:07:30 2019]
rule primary_filter:
    input: /workdir/users/agk85/simulated/mapping/B320-5/B320-5.sam
    output: /workdir/users/agk85/simulated/mapping/B320-5/B320-5.nss.sam, /workdir/users/agk85/simulated/mapping/B320-5/B320-5.supp.sam, /workdir/users/agk85/simulated/mapping/B320-5/done_nss_scaffolds
    jobid: 56
    wildcards: NAME=B320-5
    resources: mem_mb=15


[Fri Aug 16 14:07:30 2019]
rule primary_filter:
    input: /workdir/users/agk85/simulated/mapping/B370-4/B370-4.sam
    output: /workdir/users/agk85/simulated/mapping/B370-4/B370-4.nss.sam, /workdir/users/agk85/simulated/mapping/B370-4/B370-4.supp.sam, /workdir/users/agk85/simulated/mapping/B370-4/done_nss_scaffolds
    jobid: 54
    wildcards: NAME=B370-4
    resources: mem_mb=15


[Fri Aug 16 14:07:30 2019]
rule primary_filter:
    input: /workdir/users/agk85/simulated/mapping/US8-5/US8-5.sam
    output: /workdir/users/agk85/simulated/mapping/US8-5/US8-5.nss.sam, /workdir/users/agk85/simulated/mapping/US8-5/US8-5.supp.sam, /workdir/users/agk85/simulated/mapping/US8-5/done_nss_scaffolds
    jobid: 79
    wildcards: NAME=US8-5
    resources: mem_mb=15


[Fri Aug 16 14:07:30 2019]
rule primary_filter:
    input: /workdir/users/agk85/simulated/mapping/US3-10/US3-10.sam
    output: /workdir/users/agk85/simulated/mapping/US3-10/US3-10.nss.sam, /workdir/users/agk85/simulated/mapping/US3-10/US3-10.supp.sam, /workdir/users/agk85/simulated/mapping/US3-10/done_nss_scaffolds
    jobid: 93
    wildcards: NAME=US3-10
    resources: mem_mb=15


[Fri Aug 16 14:07:30 2019]
rule primary_filter:
    input: /workdir/users/agk85/simulated/mapping/US8-4/US8-4.sam
    output: /workdir/users/agk85/simulated/mapping/US8-4/US8-4.nss.sam, /workdir/users/agk85/simulated/mapping/US8-4/US8-4.supp.sam, /workdir/users/agk85/simulated/mapping/US8-4/done_nss_scaffolds
    jobid: 77
    wildcards: NAME=US8-4
    resources: mem_mb=15


[Fri Aug 16 14:07:30 2019]
rule primary_filter:
    input: /workdir/users/agk85/simulated/mapping/B314-2/B314-2.sam
    output: /workdir/users/agk85/simulated/mapping/B314-2/B314-2.nss.sam, /workdir/users/agk85/simulated/mapping/B314-2/B314-2.supp.sam, /workdir/users/agk85/simulated/mapping/B314-2/done_nss_scaffolds
    jobid: 68
    wildcards: NAME=B314-2
    resources: mem_mb=15


[Fri Aug 16 14:07:30 2019]
rule primary_filter:
    input: /workdir/users/agk85/simulated/mapping/B331-2/B331-2.sam
    output: /workdir/users/agk85/simulated/mapping/B331-2/B331-2.nss.sam, /workdir/users/agk85/simulated/mapping/B331-2/B331-2.supp.sam, /workdir/users/agk85/simulated/mapping/B331-2/done_nss_scaffolds
    jobid: 73
    wildcards: NAME=B331-2
    resources: mem_mb=15


[Fri Aug 16 14:07:30 2019]
rule primary_filter:
    input: /workdir/users/agk85/simulated/mapping/US8-2/US8-2.sam
    output: /workdir/users/agk85/simulated/mapping/US8-2/US8-2.nss.sam, /workdir/users/agk85/simulated/mapping/US8-2/US8-2.supp.sam, /workdir/users/agk85/simulated/mapping/US8-2/done_nss_scaffolds
    jobid: 72
    wildcards: NAME=US8-2
    resources: mem_mb=15


[Fri Aug 16 14:07:30 2019]
rule primary_filter:
    input: /workdir/users/agk85/simulated/mapping/US7/US7.sam
    output: /workdir/users/agk85/simulated/mapping/US7/US7.nss.sam, /workdir/users/agk85/simulated/mapping/US7/US7.supp.sam, /workdir/users/agk85/simulated/mapping/US7/done_nss_scaffolds
    jobid: 90
    wildcards: NAME=US7
    resources: mem_mb=15


[Fri Aug 16 14:07:30 2019]
rule primary_filter:
    input: /workdir/users/agk85/simulated/mapping/B335-3/B335-3.sam
    output: /workdir/users/agk85/simulated/mapping/B335-3/B335-3.nss.sam, /workdir/users/agk85/simulated/mapping/B335-3/B335-3.supp.sam, /workdir/users/agk85/simulated/mapping/B335-3/done_nss_scaffolds
    jobid: 83
    wildcards: NAME=B335-3
    resources: mem_mb=15


[Fri Aug 16 14:07:30 2019]
rule primary_filter:
    input: /workdir/users/agk85/simulated/mapping/US5/US5.sam
    output: /workdir/users/agk85/simulated/mapping/US5/US5.nss.sam, /workdir/users/agk85/simulated/mapping/US5/US5.supp.sam, /workdir/users/agk85/simulated/mapping/US5/done_nss_scaffolds
    jobid: 82
    wildcards: NAME=US5
    resources: mem_mb=15


[Fri Aug 16 14:07:30 2019]
rule primary_filter:
    input: /workdir/users/agk85/simulated/mapping/B320-2/B320-2.sam
    output: /workdir/users/agk85/simulated/mapping/B320-2/B320-2.nss.sam, /workdir/users/agk85/simulated/mapping/B320-2/B320-2.supp.sam, /workdir/users/agk85/simulated/mapping/B320-2/done_nss_scaffolds
    jobid: 57
    wildcards: NAME=B320-2
    resources: mem_mb=15


[Fri Aug 16 14:07:30 2019]
rule primary_filter:
    input: /workdir/users/agk85/simulated/mapping/B320-3/B320-3.sam
    output: /workdir/users/agk85/simulated/mapping/B320-3/B320-3.nss.sam, /workdir/users/agk85/simulated/mapping/B320-3/B320-3.supp.sam, /workdir/users/agk85/simulated/mapping/B320-3/done_nss_scaffolds
    jobid: 58
    wildcards: NAME=B320-3
    resources: mem_mb=15


[Fri Aug 16 14:07:30 2019]
rule primary_filter:
    input: /workdir/users/agk85/simulated/mapping/US3-14/US3-14.sam
    output: /workdir/users/agk85/simulated/mapping/US3-14/US3-14.nss.sam, /workdir/users/agk85/simulated/mapping/US3-14/US3-14.supp.sam, /workdir/users/agk85/simulated/mapping/US3-14/done_nss_scaffolds
    jobid: 95
    wildcards: NAME=US3-14
    resources: mem_mb=15


[Fri Aug 16 14:07:30 2019]
rule primary_filter:
    input: /workdir/users/agk85/simulated/mapping/B335-2/B335-2.sam
    output: /workdir/users/agk85/simulated/mapping/B335-2/B335-2.nss.sam, /workdir/users/agk85/simulated/mapping/B335-2/B335-2.supp.sam, /workdir/users/agk85/simulated/mapping/B335-2/done_nss_scaffolds
    jobid: 85
    wildcards: NAME=B335-2
    resources: mem_mb=15


[Fri Aug 16 14:07:30 2019]
rule primary_filter:
    input: /workdir/users/agk85/simulated/mapping/US3-8/US3-8.sam
    output: /workdir/users/agk85/simulated/mapping/US3-8/US3-8.nss.sam, /workdir/users/agk85/simulated/mapping/US3-8/US3-8.supp.sam, /workdir/users/agk85/simulated/mapping/US3-8/done_nss_scaffolds
    jobid: 55
    wildcards: NAME=US3-8
    resources: mem_mb=15


[Fri Aug 16 14:07:30 2019]
rule primary_filter:
    input: /workdir/users/agk85/simulated/mapping/B370-3/B370-3.sam
    output: /workdir/users/agk85/simulated/mapping/B370-3/B370-3.nss.sam, /workdir/users/agk85/simulated/mapping/B370-3/B370-3.supp.sam, /workdir/users/agk85/simulated/mapping/B370-3/done_nss_scaffolds
    jobid: 59
    wildcards: NAME=B370-3
    resources: mem_mb=15


[Fri Aug 16 14:07:30 2019]
rule primary_filter:
    input: /workdir/users/agk85/simulated/mapping/B314-4/B314-4.sam
    output: /workdir/users/agk85/simulated/mapping/B314-4/B314-4.nss.sam, /workdir/users/agk85/simulated/mapping/B314-4/B314-4.supp.sam, /workdir/users/agk85/simulated/mapping/B314-4/done_nss_scaffolds
    jobid: 50
    wildcards: NAME=B314-4
    resources: mem_mb=15


[Fri Aug 16 14:07:30 2019]
rule primary_filter:
    input: /workdir/users/agk85/simulated/mapping/B316-1/B316-1.sam
    output: /workdir/users/agk85/simulated/mapping/B316-1/B316-1.nss.sam, /workdir/users/agk85/simulated/mapping/B316-1/B316-1.supp.sam, /workdir/users/agk85/simulated/mapping/B316-1/done_nss_scaffolds
    jobid: 70
    wildcards: NAME=B316-1
    resources: mem_mb=15


[Fri Aug 16 14:07:30 2019]
rule primary_filter:
    input: /workdir/users/agk85/simulated/mapping/B357-2/B357-2.sam
    output: /workdir/users/agk85/simulated/mapping/B357-2/B357-2.nss.sam, /workdir/users/agk85/simulated/mapping/B357-2/B357-2.supp.sam, /workdir/users/agk85/simulated/mapping/B357-2/done_nss_scaffolds
    jobid: 66
    wildcards: NAME=B357-2
    resources: mem_mb=15


[Fri Aug 16 14:07:30 2019]
rule primary_filter:
    input: /workdir/users/agk85/simulated/mapping/B370-1/B370-1.sam
    output: /workdir/users/agk85/simulated/mapping/B370-1/B370-1.nss.sam, /workdir/users/agk85/simulated/mapping/B370-1/B370-1.supp.sam, /workdir/users/agk85/simulated/mapping/B370-1/done_nss_scaffolds
    jobid: 52
    wildcards: NAME=B370-1
    resources: mem_mb=15


[Fri Aug 16 14:07:30 2019]
rule primary_filter:
    input: /workdir/users/agk85/simulated/mapping/B331-3/B331-3.sam
    output: /workdir/users/agk85/simulated/mapping/B331-3/B331-3.nss.sam, /workdir/users/agk85/simulated/mapping/B331-3/B331-3.supp.sam, /workdir/users/agk85/simulated/mapping/B331-3/done_nss_scaffolds
    jobid: 74
    wildcards: NAME=B331-3
    resources: mem_mb=15


[Fri Aug 16 14:07:30 2019]
rule primary_filter:
    input: /workdir/users/agk85/simulated/mapping/B357-3/B357-3.sam
    output: /workdir/users/agk85/simulated/mapping/B357-3/B357-3.nss.sam, /workdir/users/agk85/simulated/mapping/B357-3/B357-3.supp.sam, /workdir/users/agk85/simulated/mapping/B357-3/done_nss_scaffolds
    jobid: 65
    wildcards: NAME=B357-3
    resources: mem_mb=15


[Fri Aug 16 14:07:30 2019]
rule primary_filter:
    input: /workdir/users/agk85/simulated/mapping/US2/US2.sam
    output: /workdir/users/agk85/simulated/mapping/US2/US2.nss.sam, /workdir/users/agk85/simulated/mapping/US2/US2.supp.sam, /workdir/users/agk85/simulated/mapping/US2/done_nss_scaffolds
    jobid: 91
    wildcards: NAME=US2
    resources: mem_mb=15


[Fri Aug 16 14:07:30 2019]
rule primary_filter:
    input: /workdir/users/agk85/simulated/mapping/B357-1/B357-1.sam
    output: /workdir/users/agk85/simulated/mapping/B357-1/B357-1.nss.sam, /workdir/users/agk85/simulated/mapping/B357-1/B357-1.supp.sam, /workdir/users/agk85/simulated/mapping/B357-1/done_nss_scaffolds
    jobid: 64
    wildcards: NAME=B357-1
    resources: mem_mb=15


[Fri Aug 16 14:07:30 2019]
rule primary_filter:
    input: /workdir/users/agk85/simulated/mapping/B320-1/B320-1.sam
    output: /workdir/users/agk85/simulated/mapping/B320-1/B320-1.nss.sam, /workdir/users/agk85/simulated/mapping/B320-1/B320-1.supp.sam, /workdir/users/agk85/simulated/mapping/B320-1/done_nss_scaffolds
    jobid: 51
    wildcards: NAME=B320-1
    resources: mem_mb=15


[Fri Aug 16 14:07:30 2019]
rule primary_filter:
    input: /workdir/users/agk85/simulated/mapping/B357-4/B357-4.sam
    output: /workdir/users/agk85/simulated/mapping/B357-4/B357-4.nss.sam, /workdir/users/agk85/simulated/mapping/B357-4/B357-4.supp.sam, /workdir/users/agk85/simulated/mapping/B357-4/done_nss_scaffolds
    jobid: 69
    wildcards: NAME=B357-4
    resources: mem_mb=15


[Fri Aug 16 14:07:30 2019]
rule primary_filter:
    input: /workdir/users/agk85/simulated/mapping/US8-3/US8-3.sam
    output: /workdir/users/agk85/simulated/mapping/US8-3/US8-3.nss.sam, /workdir/users/agk85/simulated/mapping/US8-3/US8-3.supp.sam, /workdir/users/agk85/simulated/mapping/US8-3/done_nss_scaffolds
    jobid: 75
    wildcards: NAME=US8-3
    resources: mem_mb=15


[Fri Aug 16 14:07:30 2019]
rule primary_filter:
    input: /workdir/users/agk85/simulated/mapping/B316-4/B316-4.sam
    output: /workdir/users/agk85/simulated/mapping/B316-4/B316-4.nss.sam, /workdir/users/agk85/simulated/mapping/B316-4/B316-4.supp.sam, /workdir/users/agk85/simulated/mapping/B316-4/done_nss_scaffolds
    jobid: 61
    wildcards: NAME=B316-4
    resources: mem_mb=15


[Fri Aug 16 14:07:30 2019]
rule primary_filter:
    input: /workdir/users/agk85/simulated/mapping/B331-4/B331-4.sam
    output: /workdir/users/agk85/simulated/mapping/B331-4/B331-4.nss.sam, /workdir/users/agk85/simulated/mapping/B331-4/B331-4.supp.sam, /workdir/users/agk85/simulated/mapping/B331-4/done_nss_scaffolds
    jobid: 84
    wildcards: NAME=B331-4
    resources: mem_mb=15


[Fri Aug 16 14:07:30 2019]
rule primary_filter:
    input: /workdir/users/agk85/simulated/mapping/B331-1/B331-1.sam
    output: /workdir/users/agk85/simulated/mapping/B331-1/B331-1.nss.sam, /workdir/users/agk85/simulated/mapping/B331-1/B331-1.supp.sam, /workdir/users/agk85/simulated/mapping/B331-1/done_nss_scaffolds
    jobid: 81
    wildcards: NAME=B331-1
    resources: mem_mb=15


[Fri Aug 16 14:07:30 2019]
rule primary_filter:
    input: /workdir/users/agk85/simulated/mapping/B316-2/B316-2.sam
    output: /workdir/users/agk85/simulated/mapping/B316-2/B316-2.nss.sam, /workdir/users/agk85/simulated/mapping/B316-2/B316-2.supp.sam, /workdir/users/agk85/simulated/mapping/B316-2/done_nss_scaffolds
    jobid: 63
    wildcards: NAME=B316-2
    resources: mem_mb=15


[Fri Aug 16 14:07:30 2019]
rule primary_filter:
    input: /workdir/users/agk85/simulated/mapping/B335-1/B335-1.sam
    output: /workdir/users/agk85/simulated/mapping/B335-1/B335-1.nss.sam, /workdir/users/agk85/simulated/mapping/B335-1/B335-1.supp.sam, /workdir/users/agk85/simulated/mapping/B335-1/done_nss_scaffolds
    jobid: 76
    wildcards: NAME=B335-1
    resources: mem_mb=15


[Fri Aug 16 14:07:30 2019]
rule primary_filter:
    input: /workdir/users/agk85/simulated/mapping/US3-16/US3-16.sam
    output: /workdir/users/agk85/simulated/mapping/US3-16/US3-16.nss.sam, /workdir/users/agk85/simulated/mapping/US3-16/US3-16.supp.sam, /workdir/users/agk85/simulated/mapping/US3-16/done_nss_scaffolds
    jobid: 94
    wildcards: NAME=US3-16
    resources: mem_mb=15


[Fri Aug 16 14:07:30 2019]
rule primary_filter:
    input: /workdir/users/agk85/simulated/mapping/B357-5/B357-5.sam
    output: /workdir/users/agk85/simulated/mapping/B357-5/B357-5.nss.sam, /workdir/users/agk85/simulated/mapping/B357-5/B357-5.supp.sam, /workdir/users/agk85/simulated/mapping/B357-5/done_nss_scaffolds
    jobid: 71
    wildcards: NAME=B357-5
    resources: mem_mb=15


[Fri Aug 16 14:07:30 2019]
rule primary_filter:
    input: /workdir/users/agk85/simulated/mapping/US8-1/US8-1.sam
    output: /workdir/users/agk85/simulated/mapping/US8-1/US8-1.nss.sam, /workdir/users/agk85/simulated/mapping/US8-1/US8-1.supp.sam, /workdir/users/agk85/simulated/mapping/US8-1/done_nss_scaffolds
    jobid: 62
    wildcards: NAME=US8-1
    resources: mem_mb=15


[Fri Aug 16 14:07:30 2019]
rule primary_filter:
    input: /workdir/users/agk85/simulated/mapping/B370-2/B370-2.sam
    output: /workdir/users/agk85/simulated/mapping/B370-2/B370-2.nss.sam, /workdir/users/agk85/simulated/mapping/B370-2/B370-2.supp.sam, /workdir/users/agk85/simulated/mapping/B370-2/done_nss_scaffolds
    jobid: 53
    wildcards: NAME=B370-2
    resources: mem_mb=15


[Fri Aug 16 14:07:30 2019]
rule primary_filter:
    input: /workdir/users/agk85/simulated/mapping/B357-6/B357-6.sam
    output: /workdir/users/agk85/simulated/mapping/B357-6/B357-6.nss.sam, /workdir/users/agk85/simulated/mapping/B357-6/B357-6.supp.sam, /workdir/users/agk85/simulated/mapping/B357-6/done_nss_scaffolds
    jobid: 78
    wildcards: NAME=B357-6
    resources: mem_mb=15


[Fri Aug 16 14:07:30 2019]
Job 124: ---SAM2BAM


[Fri Aug 16 14:07:30 2019]
Job 142: ---SAM2BAM


[Fri Aug 16 14:07:30 2019]
Job 111: ---SAM2BAM


[Fri Aug 16 14:07:30 2019]
Job 126: ---SAM2BAM


[Fri Aug 16 14:07:30 2019]
Job 101: ---SAM2BAM


[Fri Aug 16 14:07:30 2019]
Job 110: ---SAM2BAM


[Fri Aug 16 14:07:30 2019]
Job 119: ---SAM2BAM


[Fri Aug 16 14:07:30 2019]
Job 139: ---SAM2BAM


[Fri Aug 16 14:07:30 2019]
Job 112: ---SAM2BAM


[Fri Aug 16 14:07:30 2019]
Job 113: ---SAM2BAM


[Fri Aug 16 14:07:30 2019]
Job 100: ---SAM2BAM


[Fri Aug 16 14:07:30 2019]
Job 122: ---SAM2BAM


[Fri Aug 16 14:07:30 2019]
Job 114: ---SAM2BAM


[Fri Aug 16 14:07:30 2019]
Job 132: ---SAM2BAM


[Fri Aug 16 14:07:30 2019]
Job 129: ---SAM2BAM


[Fri Aug 16 14:07:30 2019]
Job 109: ---SAM2BAM


[Fri Aug 16 14:07:30 2019]
Job 117: ---SAM2BAM


[Fri Aug 16 14:07:30 2019]
Job 99: ---SAM2BAM


[Fri Aug 16 14:07:30 2019]
Job 123: ---SAM2BAM


[Fri Aug 16 14:07:30 2019]
Job 120: ---SAM2BAM


[Fri Aug 16 14:07:30 2019]
Job 121: ---SAM2BAM


[Fri Aug 16 14:07:30 2019]
Job 116: ---SAM2BAM


[Fri Aug 16 14:07:30 2019]
Job 107: ---SAM2BAM


[Fri Aug 16 14:07:30 2019]
Job 103: ---SAM2BAM


[Fri Aug 16 14:07:30 2019]
Job 98: ---SAM2BAM


[Fri Aug 16 14:07:30 2019]
Job 118: ---SAM2BAM


[Fri Aug 16 14:07:30 2019]
Job 133: ---SAM2BAM


[Fri Aug 16 14:07:30 2019]
Job 130: ---SAM2BAM


[Fri Aug 16 14:07:30 2019]
Job 138: ---SAM2BAM


[Fri Aug 16 14:07:30 2019]
Job 131: ---SAM2BAM


[Fri Aug 16 14:07:30 2019]
Job 105: ---SAM2BAM


[Fri Aug 16 14:07:30 2019]
Job 106: ---SAM2BAM


[Fri Aug 16 14:07:30 2019]
Job 143: ---SAM2BAM


[Fri Aug 16 14:07:30 2019]
Job 97: ---SAM2BAM


[Fri Aug 16 14:07:30 2019]
Job 137: ---SAM2BAM


[Fri Aug 16 14:07:30 2019]
Job 128: ---SAM2BAM


[Fri Aug 16 14:07:30 2019]
Job 108: ---SAM2BAM


[Fri Aug 16 14:07:30 2019]
Job 144: ---SAM2BAM


[Fri Aug 16 14:07:30 2019]
Job 136: ---SAM2BAM


[Fri Aug 16 14:07:30 2019]
Job 140: ---SAM2BAM


[Fri Aug 16 14:07:30 2019]
Job 115: ---SAM2BAM


[Fri Aug 16 14:07:30 2019]
Job 135: ---SAM2BAM


[Fri Aug 16 14:07:30 2019]
Job 141: ---SAM2BAM


[Fri Aug 16 14:07:30 2019]
Job 125: ---SAM2BAM


[Fri Aug 16 14:07:30 2019]
Job 102: ---SAM2BAM


[Fri Aug 16 14:07:30 2019]
Job 127: ---SAM2BAM


[Fri Aug 16 14:07:30 2019]
Job 104: ---SAM2BAM


[Fri Aug 16 14:07:30 2019]
Job 134: ---SAM2BAM


[Fri Aug 16 14:07:30 2019]
Job 210: ---bwafilter

RuleException in line 93 of /local/workdir/users/agk85/CDC2/scripts/mapping/snake_bwa_rpkm:
'InputFiles' object has no attribute 'sam'
