Building DAG of jobs...
Using shell: /usr/bin/bash
Provided cores: 1
Rules claiming more threads will be scaled down.
Unlimited resources: mem_mb
Job counts:
	count	jobs
	1	bwa_index
	1	final
	2

[Tue Aug 13 21:41:34 2019]
Job 12: --- BWA INDEX

[Tue Aug 13 21:44:04 2019]
Finished job 12.
1 of 2 steps (50%) done

[Tue Aug 13 21:44:04 2019]
localrule final:
    input: /workdir/users/agk85/CDC2/hic/mapping/references/B331-2_scaffold.sa, /workdir/users/agk85/CDC2/hic/mapping/references/B320-2_scaffold.sa, /workdir/users/agk85/CDC2/hic/mapping/references/B357-2_scaffold.sa, /workdir/users/agk85/CDC2/hic/mapping/references/US3-10_scaffold.sa, /workdir/users/agk85/CDC2/hic/mapping/references/US3-12_scaffold.sa, /workdir/users/agk85/CDC2/hic/mapping/references/US3-8_scaffold.sa, /workdir/users/agk85/CDC2/hic/mapping/references/US8-3_scaffold.sa, /workdir/users/agk85/CDC2/hic/mapping/references/US8-4_scaffold.sa, /workdir/users/agk85/CDC2/hic/mapping/references/US8-2_scaffold.sa, /workdir/users/agk85/CDC2/hic/mapping/references/US8-1_scaffold.sa, /workdir/users/agk85/CDC2/hic/mapping/references/US8-5_scaffold.sa, /workdir/users/agk85/CDC2/hic/mapping/references/US3-14_scaffold.sa
    jobid: 0

[Tue Aug 13 21:44:04 2019]
Finished job 0.
2 of 2 steps (100%) done
Complete log: /local/workdir/users/agk85/CDC2/scripts/mapping/.snakemake/log/2019-08-13T214134.006585.snakemake.log
