Building DAG of jobs...
Using shell: /usr/bin/bash
Provided cores: 1
Rules claiming more threads will be scaled down.
Unlimited resources: mem_mb
Job counts:
	count	jobs
	4	filter
	1	final
	4	rpkm
	1	sam2bam
	4	sortbam
	14

[Sat Aug 17 08:12:00 2019]
Job 9: ---SAM2BAM

[Sat Aug 17 11:23:32 2019]
Finished job 9.
1 of 14 steps (7%) done

[Sat Aug 17 11:23:32 2019]
Job 2: ---bwafilter

[Sat Aug 17 14:22:42 2019]
Finished job 2.
2 of 14 steps (14%) done

[Sat Aug 17 14:22:42 2019]
Job 1: ---bwafilter

[Sat Aug 17 17:40:01 2019]
Finished job 1.
3 of 14 steps (21%) done

[Sat Aug 17 17:40:01 2019]
Job 13: ---sortbam

[Sat Aug 17 18:38:53 2019]
Finished job 13.
4 of 14 steps (29%) done

[Sat Aug 17 18:38:53 2019]
Job 5: ---rpkm

[Sat Aug 17 18:46:13 2019]
Finished job 5.
5 of 14 steps (36%) done

[Sat Aug 17 18:46:13 2019]
Job 14: ---sortbam

[Sat Aug 17 20:11:51 2019]
Finished job 14.
6 of 14 steps (43%) done

[Sat Aug 17 20:11:51 2019]
Job 6: ---rpkm

[Sat Aug 17 20:21:01 2019]
Finished job 6.
7 of 14 steps (50%) done

[Sat Aug 17 20:21:01 2019]
Job 3: ---bwafilter

[Sat Aug 17 23:08:09 2019]
Finished job 3.
8 of 14 steps (57%) done

[Sat Aug 17 23:08:09 2019]
Job 15: ---sortbam

[Sun Aug 18 00:25:36 2019]
Finished job 15.
9 of 14 steps (64%) done

[Sun Aug 18 00:25:36 2019]
Job 7: ---rpkm

[Sun Aug 18 00:36:47 2019]
Finished job 7.
10 of 14 steps (71%) done

[Sun Aug 18 00:36:47 2019]
Job 4: ---bwafilter

[Sun Aug 18 02:26:24 2019]
Finished job 4.
11 of 14 steps (79%) done

[Sun Aug 18 02:26:24 2019]
Job 16: ---sortbam

[Sun Aug 18 03:03:52 2019]
Finished job 16.
12 of 14 steps (86%) done

[Sun Aug 18 03:03:52 2019]
Job 8: ---rpkm

[Sun Aug 18 03:11:54 2019]
Finished job 8.
13 of 14 steps (93%) done

[Sun Aug 18 03:11:54 2019]
localrule final:
    input: /workdir/users/agk85/CDC2/mapping/B314-1/done_filtered_scaffolds, /workdir/users/agk85/CDC2/mapping/B314-2/done_filtered_scaffolds, /workdir/users/agk85/CDC2/mapping/B314-3/done_filtered_scaffolds, /workdir/users/agk85/CDC2/mapping/B314-4/done_filtered_scaffolds, /workdir/users/agk85/CDC2/mapping/B314-1/done_rpkm_scaffolds, /workdir/users/agk85/CDC2/mapping/B314-2/done_rpkm_scaffolds, /workdir/users/agk85/CDC2/mapping/B314-3/done_rpkm_scaffolds, /workdir/users/agk85/CDC2/mapping/B314-4/done_rpkm_scaffolds
    jobid: 0

[Sun Aug 18 03:11:54 2019]
Finished job 0.
14 of 14 steps (100%) done
Complete log: /local/workdir/users/agk85/CDC2/scripts/mapping/.snakemake/log/2019-08-17T081200.226379.snakemake.log
