Building DAG of jobs...
Using shell: /usr/bin/bash
Provided cores: 1
Rules claiming more threads will be scaled down.
Unlimited resources: mem_mb
Job counts:
	count	jobs
	1	bwa
	1	filter
	1	final
	1	primary_filter
	1	rpkm
	1	sam2bam
	1	sortbam
	7

[Fri Aug 16 22:38:03 2019]
rule bwa:
    input: /workdir/data/CDC/metagenomes/merged/unzip/B314-1.1.fastq, /workdir/data/CDC/metagenomes/merged/unzip/B314-1.2.fastq
    output: /workdir/users/agk85/CDC2/mapping/B314-1/B314-1.sam, /workdir/users/agk85/CDC2/mapping/B314-1/done_mapped_scaffolds
    jobid: 6
    wildcards: NAME=B314-1
    resources: mem_mb=40

[Fri Aug 16 23:47:52 2019]
Finished job 6.
1 of 7 steps (14%) done

[Fri Aug 16 23:47:52 2019]
rule primary_filter:
    input: /workdir/users/agk85/CDC2/mapping/B314-1/B314-1.sam
    output: /workdir/users/agk85/CDC2/mapping/B314-1/B314-1.nss.sam, /workdir/users/agk85/CDC2/mapping/B314-1/B314-1.supp.sam, /workdir/users/agk85/CDC2/mapping/B314-1/done_nss_scaffolds
    jobid: 5
    wildcards: NAME=B314-1
    resources: mem_mb=15

[Sat Aug 17 00:07:49 2019]
Finished job 5.
2 of 7 steps (29%) done

[Sat Aug 17 00:07:49 2019]
Job 3: ---SAM2BAM

[Sat Aug 17 03:21:55 2019]
Finished job 3.
3 of 7 steps (43%) done

[Sat Aug 17 03:21:55 2019]
Job 1: ---bwafilter

[Sat Aug 17 05:57:08 2019]
Finished job 1.
4 of 7 steps (57%) done

[Sat Aug 17 05:57:08 2019]
Job 4: ---sortbam

[Sat Aug 17 06:53:13 2019]
Finished job 4.
5 of 7 steps (71%) done

[Sat Aug 17 06:53:13 2019]
Job 2: ---rpkm

[Sat Aug 17 06:59:30 2019]
Finished job 2.
6 of 7 steps (86%) done

[Sat Aug 17 06:59:30 2019]
localrule final:
    input: /workdir/users/agk85/CDC2/mapping/B314-1/done_filtered_scaffolds, /workdir/users/agk85/CDC2/mapping/B314-1/done_rpkm_scaffolds
    jobid: 0

[Sat Aug 17 06:59:30 2019]
Finished job 0.
7 of 7 steps (100%) done
Complete log: /local/workdir/users/agk85/CDC2/scripts/mapping/.snakemake/log/2019-08-16T223803.678513.snakemake.log
