Building DAG of jobs...
Using shell: /usr/bin/bash
Provided cores: 1
Rules claiming more threads will be scaled down.
Unlimited resources: mem_mb
Job counts:
	count	jobs
	2	bwa_index
	1	final
	3

[Tue Aug 13 12:51:27 2019]
Job 2: --- BWA INDEX

[Tue Aug 13 12:54:34 2019]
Finished job 2.
1 of 3 steps (33%) done

[Tue Aug 13 12:54:34 2019]
Job 1: --- BWA INDEX

[Tue Aug 13 12:56:20 2019]
Finished job 1.
2 of 3 steps (67%) done

[Tue Aug 13 12:56:20 2019]
localrule final:
    input: /workdir/users/agk85/CDC2/hic/mapping/references/B331-2_scaffold.sa, /workdir/users/agk85/CDC2/hic/mapping/references/B320-2_scaffold.sa
    jobid: 0

[Tue Aug 13 12:56:20 2019]
Finished job 0.
3 of 3 steps (100%) done
Complete log: /local/workdir/users/agk85/CDC2/scripts/mapping/.snakemake/log/2019-08-13T125127.865345.snakemake.log
