Building DAG of jobs...
Using shell: /usr/bin/bash
Provided cores: 1
Rules claiming more threads will be scaled down.
Unlimited resources: mem_mb
Job counts:
	count	jobs
	1	final
	1	index
	2

[Sat Apr  6 01:42:40 2019]
Job 1: ---bwaindex

[Sat Apr  6 01:42:46 2019]
Finished job 1.
1 of 2 steps (50%) done

[Sat Apr  6 01:42:46 2019]
localrule final:
    input: /workdir/users/agk85/CDC2/logs/finals/args_99_final_args_index
    jobid: 0

[Sat Apr  6 01:42:46 2019]
Finished job 0.
2 of 2 steps (100%) done
Complete log: /local/workdir/users/agk85/CDC2/scripts/arg_scripts/.snakemake/log/2019-04-06T014240.875664.snakemake.log
