Building DAG of jobs...
Using shell: /usr/bin/bash
Provided cores: 1
Rules claiming more threads will be scaled down.
Unlimited resources: mem_mb
Job counts:
	count	jobs
	4	bwa
	1	final
	4	primary_filter
	4	sam2bam
	4	sorted
	17

[Fri Aug 16 16:16:14 2019]
rule bwa:
    input: /workdir/data/CDC/metagenomes/merged/unzip/US3-10.1.fastq, /workdir/data/CDC/metagenomes/merged/unzip/US3-10.2.fastq
    output: /workdir/users/agk85/CDC2/mapping/mapping_t16/US3-10/US3-10.sam, /workdir/users/agk85/CDC2/mapping/mapping_t16/US3-10/mapped
    jobid: 17
    wildcards: NAME=US3-10
    resources: mem_mb=30

[Fri Aug 16 16:36:00 2019]
Finished job 17.
1 of 17 steps (6%) done

[Fri Aug 16 16:36:00 2019]
rule primary_filter:
    input: /workdir/users/agk85/CDC2/mapping/mapping_t16/US3-10/US3-10.sam
    output: /workdir/users/agk85/CDC2/mapping/mapping_t16/US3-10/US3-10.nss.sam
    jobid: 12
    wildcards: NAME=US3-10
    resources: mem_mb=15

[Fri Aug 16 16:39:20 2019]
Finished job 12.
2 of 17 steps (12%) done

[Fri Aug 16 16:39:20 2019]
Job 7: ---SAM2BAM

[Fri Aug 16 16:56:24 2019]
Finished job 7.
3 of 17 steps (18%) done

[Fri Aug 16 16:56:24 2019]
rule bwa:
    input: /workdir/data/CDC/metagenomes/merged/unzip/US3-12.1.fastq, /workdir/data/CDC/metagenomes/merged/unzip/US3-12.2.fastq
    output: /workdir/users/agk85/CDC2/mapping/mapping_t16/US3-12/US3-12.sam, /workdir/users/agk85/CDC2/mapping/mapping_t16/US3-12/mapped
    jobid: 18
    wildcards: NAME=US3-12
    resources: mem_mb=30

[Fri Aug 16 17:10:40 2019]
Finished job 18.
4 of 17 steps (24%) done

[Fri Aug 16 17:10:40 2019]
rule primary_filter:
    input: /workdir/users/agk85/CDC2/mapping/mapping_t16/US3-12/US3-12.sam
    output: /workdir/users/agk85/CDC2/mapping/mapping_t16/US3-12/US3-12.nss.sam
    jobid: 13
    wildcards: NAME=US3-12
    resources: mem_mb=15

[Fri Aug 16 17:13:32 2019]
Finished job 13.
5 of 17 steps (29%) done

[Fri Aug 16 17:13:32 2019]
Job 8: ---SAM2BAM

[Fri Aug 16 17:25:47 2019]
Finished job 8.
6 of 17 steps (35%) done

[Fri Aug 16 17:25:47 2019]
rule bwa:
    input: /workdir/data/CDC/metagenomes/merged/unzip/US3-8.1.fastq, /workdir/data/CDC/metagenomes/merged/unzip/US3-8.2.fastq
    output: /workdir/users/agk85/CDC2/mapping/mapping_t16/US3-8/US3-8.sam, /workdir/users/agk85/CDC2/mapping/mapping_t16/US3-8/mapped
    jobid: 16
    wildcards: NAME=US3-8
    resources: mem_mb=30

[Fri Aug 16 17:39:07 2019]
Finished job 16.
7 of 17 steps (41%) done

[Fri Aug 16 17:39:07 2019]
rule primary_filter:
    input: /workdir/users/agk85/CDC2/mapping/mapping_t16/US3-8/US3-8.sam
    output: /workdir/users/agk85/CDC2/mapping/mapping_t16/US3-8/US3-8.nss.sam
    jobid: 11
    wildcards: NAME=US3-8
    resources: mem_mb=15

[Fri Aug 16 17:41:31 2019]
Finished job 11.
8 of 17 steps (47%) done

[Fri Aug 16 17:41:31 2019]
Job 6: ---SAM2BAM

[Fri Aug 16 17:54:59 2019]
Finished job 6.
9 of 17 steps (53%) done

[Fri Aug 16 17:54:59 2019]
rule bwa:
    input: /workdir/data/CDC/metagenomes/merged/unzip/US3-14.1.fastq, /workdir/data/CDC/metagenomes/merged/unzip/US3-14.2.fastq
    output: /workdir/users/agk85/CDC2/mapping/mapping_t16/US3-14/US3-14.sam, /workdir/users/agk85/CDC2/mapping/mapping_t16/US3-14/mapped
    jobid: 19
    wildcards: NAME=US3-14
    resources: mem_mb=30

[Fri Aug 16 18:07:00 2019]
Finished job 19.
10 of 17 steps (59%) done

[Fri Aug 16 18:07:00 2019]
rule primary_filter:
    input: /workdir/users/agk85/CDC2/mapping/mapping_t16/US3-14/US3-14.sam
    output: /workdir/users/agk85/CDC2/mapping/mapping_t16/US3-14/US3-14.nss.sam
    jobid: 14
    wildcards: NAME=US3-14
    resources: mem_mb=15

[Fri Aug 16 18:08:54 2019]
Finished job 14.
11 of 17 steps (65%) done

[Fri Aug 16 18:08:54 2019]
Job 9: ---SAM2BAM

[Fri Aug 16 18:20:16 2019]
Finished job 9.
12 of 17 steps (71%) done

[Fri Aug 16 18:20:16 2019]
Job 2: ---SORTED

[Fri Aug 16 18:29:37 2019]
Finished job 2.
13 of 17 steps (76%) done

[Fri Aug 16 18:29:37 2019]
Job 3: ---SORTED

[Fri Aug 16 18:34:53 2019]
Finished job 3.
14 of 17 steps (82%) done

[Fri Aug 16 18:34:53 2019]
Job 1: ---SORTED

[Fri Aug 16 18:43:43 2019]
Finished job 1.
15 of 17 steps (88%) done

[Fri Aug 16 18:43:43 2019]
Job 4: ---SORTED

[Fri Aug 16 18:51:40 2019]
Finished job 4.
16 of 17 steps (94%) done

[Fri Aug 16 18:51:40 2019]
localrule final:
    input: /workdir/users/agk85/CDC2/mapping/mapping_t16/US3-8/done, /workdir/users/agk85/CDC2/mapping/mapping_t16/US3-10/done, /workdir/users/agk85/CDC2/mapping/mapping_t16/US3-12/done, /workdir/users/agk85/CDC2/mapping/mapping_t16/US3-14/done, /workdir/users/agk85/CDC2/mapping/mapping_t16/US3-16/done
    jobid: 0

[Fri Aug 16 18:51:40 2019]
Finished job 0.
17 of 17 steps (100%) done
Complete log: /local/workdir/users/agk85/CDC2/scripts/binning_scripts/.snakemake/log/2019-08-16T161614.348347.snakemake.log
