Building DAG of jobs...
Using shell: /usr/bin/bash
Provided cores: 1
Rules claiming more threads will be scaled down.
Unlimited resources: mem_mb
Job counts:
	count	jobs
	4	bwa
	1	final
	4	primary_filter
	4	sam2bam
	4	sorted
	17

[Fri Aug 16 13:28:51 2019]
rule bwa:
    input: /workdir/data/CDC/metagenomes/merged/unzip/US3-10.1.fastq, /workdir/data/CDC/metagenomes/merged/unzip/US3-10.2.fastq
    output: /workdir/users/agk85/CDC2/mapping/mapping_t12/US3-10/US3-10.sam, /workdir/users/agk85/CDC2/mapping/mapping_t12/US3-10/mapped
    jobid: 17
    wildcards: NAME=US3-10
    resources: mem_mb=30

[Fri Aug 16 13:47:37 2019]
Finished job 17.
1 of 17 steps (6%) done

[Fri Aug 16 13:47:37 2019]
rule primary_filter:
    input: /workdir/users/agk85/CDC2/mapping/mapping_t12/US3-10/US3-10.sam
    output: /workdir/users/agk85/CDC2/mapping/mapping_t12/US3-10/US3-10.nss.sam
    jobid: 12
    wildcards: NAME=US3-10
    resources: mem_mb=15

[Fri Aug 16 13:51:02 2019]
Finished job 12.
2 of 17 steps (12%) done

[Fri Aug 16 13:51:02 2019]
Job 7: ---SAM2BAM

[Fri Aug 16 14:08:10 2019]
Finished job 7.
3 of 17 steps (18%) done

[Fri Aug 16 14:08:10 2019]
rule bwa:
    input: /workdir/data/CDC/metagenomes/merged/unzip/US3-8.1.fastq, /workdir/data/CDC/metagenomes/merged/unzip/US3-8.2.fastq
    output: /workdir/users/agk85/CDC2/mapping/mapping_t12/US3-8/US3-8.sam, /workdir/users/agk85/CDC2/mapping/mapping_t12/US3-8/mapped
    jobid: 16
    wildcards: NAME=US3-8
    resources: mem_mb=30

[Fri Aug 16 14:22:03 2019]
Finished job 16.
4 of 17 steps (24%) done

[Fri Aug 16 14:22:03 2019]
rule primary_filter:
    input: /workdir/users/agk85/CDC2/mapping/mapping_t12/US3-8/US3-8.sam
    output: /workdir/users/agk85/CDC2/mapping/mapping_t12/US3-8/US3-8.nss.sam
    jobid: 11
    wildcards: NAME=US3-8
    resources: mem_mb=15

[Fri Aug 16 14:24:24 2019]
Finished job 11.
5 of 17 steps (29%) done

[Fri Aug 16 14:24:24 2019]
Job 6: ---SAM2BAM

[Fri Aug 16 14:38:57 2019]
Finished job 6.
6 of 17 steps (35%) done

[Fri Aug 16 14:38:57 2019]
rule bwa:
    input: /workdir/data/CDC/metagenomes/merged/unzip/US3-14.1.fastq, /workdir/data/CDC/metagenomes/merged/unzip/US3-14.2.fastq
    output: /workdir/users/agk85/CDC2/mapping/mapping_t12/US3-14/US3-14.sam, /workdir/users/agk85/CDC2/mapping/mapping_t12/US3-14/mapped
    jobid: 19
    wildcards: NAME=US3-14
    resources: mem_mb=30

[Fri Aug 16 14:52:31 2019]
Finished job 19.
7 of 17 steps (41%) done

[Fri Aug 16 14:52:31 2019]
rule primary_filter:
    input: /workdir/users/agk85/CDC2/mapping/mapping_t12/US3-14/US3-14.sam
    output: /workdir/users/agk85/CDC2/mapping/mapping_t12/US3-14/US3-14.nss.sam
    jobid: 14
    wildcards: NAME=US3-14
    resources: mem_mb=15

[Fri Aug 16 14:55:10 2019]
Finished job 14.
8 of 17 steps (47%) done

[Fri Aug 16 14:55:10 2019]
Job 9: ---SAM2BAM

[Fri Aug 16 15:09:28 2019]
Finished job 9.
9 of 17 steps (53%) done

[Fri Aug 16 15:09:28 2019]
rule bwa:
    input: /workdir/data/CDC/metagenomes/merged/unzip/US3-16.1.fastq, /workdir/data/CDC/metagenomes/merged/unzip/US3-16.2.fastq
    output: /workdir/users/agk85/CDC2/mapping/mapping_t12/US3-16/US3-16.sam, /workdir/users/agk85/CDC2/mapping/mapping_t12/US3-16/mapped
    jobid: 20
    wildcards: NAME=US3-16
    resources: mem_mb=30

[Fri Aug 16 15:40:36 2019]
Finished job 20.
10 of 17 steps (59%) done

[Fri Aug 16 15:40:36 2019]
rule primary_filter:
    input: /workdir/users/agk85/CDC2/mapping/mapping_t12/US3-16/US3-16.sam
    output: /workdir/users/agk85/CDC2/mapping/mapping_t12/US3-16/US3-16.nss.sam
    jobid: 15
    wildcards: NAME=US3-16
    resources: mem_mb=15

[Fri Aug 16 15:43:13 2019]
Finished job 15.
11 of 17 steps (65%) done

[Fri Aug 16 15:43:13 2019]
Job 10: ---SAM2BAM

[Fri Aug 16 15:58:12 2019]
Finished job 10.
12 of 17 steps (71%) done

[Fri Aug 16 15:58:12 2019]
Job 2: ---SORTED

[Fri Aug 16 16:06:29 2019]
Finished job 2.
13 of 17 steps (76%) done

[Fri Aug 16 16:06:29 2019]
Job 1: ---SORTED

[Fri Aug 16 16:11:17 2019]
Finished job 1.
14 of 17 steps (82%) done

[Fri Aug 16 16:11:17 2019]
Job 4: ---SORTED

[Fri Aug 16 16:16:22 2019]
Finished job 4.
15 of 17 steps (88%) done

[Fri Aug 16 16:16:22 2019]
Job 5: ---SORTED

[Fri Aug 16 16:21:25 2019]
Finished job 5.
16 of 17 steps (94%) done

[Fri Aug 16 16:21:26 2019]
localrule final:
    input: /workdir/users/agk85/CDC2/mapping/mapping_t12/US3-8/done, /workdir/users/agk85/CDC2/mapping/mapping_t12/US3-10/done, /workdir/users/agk85/CDC2/mapping/mapping_t12/US3-12/done, /workdir/users/agk85/CDC2/mapping/mapping_t12/US3-14/done, /workdir/users/agk85/CDC2/mapping/mapping_t12/US3-16/done
    jobid: 0

[Fri Aug 16 16:21:26 2019]
Finished job 0.
17 of 17 steps (100%) done
Complete log: /local/workdir/users/agk85/CDC2/scripts/binning_scripts/.snakemake/log/2019-08-16T132851.549697.snakemake.log
