Building DAG of jobs...
Using shell: /usr/bin/bash
Provided cores: 1
Rules claiming more threads will be scaled down.
Unlimited resources: mem_mb
Job counts:
	count	jobs
	17	bwa
	1	final
	17	primary_filter
	17	sam2bam
	17	sorted
	69

[Thu Aug 15 16:17:39 2019]
rule bwa:
    input: /workdir/data/CDC/metagenomes/merged/unzip/B357-5.1.fastq, /workdir/data/CDC/metagenomes/merged/unzip/B357-5.2.fastq
    output: /workdir/users/agk85/CDC2/mapping/mapping_t1/B357-5/B357-5.sam, /workdir/users/agk85/CDC2/mapping/mapping_t1/B357-5/mapped
    jobid: 140
    wildcards: NAME=B357-5
    resources: mem_mb=30

[Thu Aug 15 17:00:22 2019]
Finished job 140.
1 of 69 steps (1%) done

[Thu Aug 15 17:00:22 2019]
rule primary_filter:
    input: /workdir/users/agk85/CDC2/mapping/mapping_t1/B357-5/B357-5.sam
    output: /workdir/users/agk85/CDC2/mapping/mapping_t1/B357-5/B357-5.nss.sam
    jobid: 102
    wildcards: NAME=B357-5
    resources: mem_mb=15

[Thu Aug 15 17:09:48 2019]
Finished job 102.
2 of 69 steps (3%) done

[Thu Aug 15 17:09:48 2019]
rule bwa:
    input: /workdir/data/CDC/metagenomes/merged/unzip/B357-4.1.fastq, /workdir/data/CDC/metagenomes/merged/unzip/B357-4.2.fastq
    output: /workdir/users/agk85/CDC2/mapping/mapping_t1/B357-4/B357-4.sam, /workdir/users/agk85/CDC2/mapping/mapping_t1/B357-4/mapped
    jobid: 139
    wildcards: NAME=B357-4
    resources: mem_mb=30

[Thu Aug 15 17:49:27 2019]
Finished job 139.
3 of 69 steps (4%) done

[Thu Aug 15 17:49:27 2019]
rule bwa:
    input: /workdir/data/CDC/metagenomes/merged/unzip/B357-2.1.fastq, /workdir/data/CDC/metagenomes/merged/unzip/B357-2.2.fastq
    output: /workdir/users/agk85/CDC2/mapping/mapping_t1/B357-2/B357-2.sam, /workdir/users/agk85/CDC2/mapping/mapping_t1/B357-2/mapped
    jobid: 137
    wildcards: NAME=B357-2
    resources: mem_mb=30

[Thu Aug 15 18:25:41 2019]
Finished job 137.
4 of 69 steps (6%) done

[Thu Aug 15 18:25:41 2019]
rule primary_filter:
    input: /workdir/users/agk85/CDC2/mapping/mapping_t1/B357-2/B357-2.sam
    output: /workdir/users/agk85/CDC2/mapping/mapping_t1/B357-2/B357-2.nss.sam
    jobid: 99
    wildcards: NAME=B357-2
    resources: mem_mb=15

[Thu Aug 15 18:32:08 2019]
Finished job 99.
5 of 69 steps (7%) done

[Thu Aug 15 18:32:08 2019]
rule primary_filter:
    input: /workdir/users/agk85/CDC2/mapping/mapping_t1/B357-4/B357-4.sam
    output: /workdir/users/agk85/CDC2/mapping/mapping_t1/B357-4/B357-4.nss.sam
    jobid: 101
    wildcards: NAME=B357-4
    resources: mem_mb=15

[Thu Aug 15 18:39:25 2019]
Finished job 101.
6 of 69 steps (9%) done

[Thu Aug 15 18:39:25 2019]
rule bwa:
    input: /workdir/data/CDC/metagenomes/merged/unzip/B357-3.1.fastq, /workdir/data/CDC/metagenomes/merged/unzip/B357-3.2.fastq
    output: /workdir/users/agk85/CDC2/mapping/mapping_t1/B357-3/B357-3.sam, /workdir/users/agk85/CDC2/mapping/mapping_t1/B357-3/mapped
    jobid: 138
    wildcards: NAME=B357-3
    resources: mem_mb=30

[Thu Aug 15 19:11:32 2019]
Finished job 138.
7 of 69 steps (10%) done

[Thu Aug 15 19:11:32 2019]
rule primary_filter:
    input: /workdir/users/agk85/CDC2/mapping/mapping_t1/B357-3/B357-3.sam
    output: /workdir/users/agk85/CDC2/mapping/mapping_t1/B357-3/B357-3.nss.sam
    jobid: 100
    wildcards: NAME=B357-3
    resources: mem_mb=15

[Thu Aug 15 19:17:15 2019]
Finished job 100.
8 of 69 steps (12%) done

[Thu Aug 15 19:17:15 2019]
Job 64: ---SAM2BAM

[Thu Aug 15 19:57:25 2019]
Finished job 64.
9 of 69 steps (13%) done

[Thu Aug 15 19:57:25 2019]
rule bwa:
    input: /workdir/data/CDC/metagenomes/merged/unzip/B370-4.1.fastq, /workdir/data/CDC/metagenomes/merged/unzip/B370-4.2.fastq
    output: /workdir/users/agk85/CDC2/mapping/mapping_t1/B370-4/B370-4.sam, /workdir/users/agk85/CDC2/mapping/mapping_t1/B370-4/mapped
    jobid: 145
    wildcards: NAME=B370-4
    resources: mem_mb=30

[Thu Aug 15 21:01:46 2019]
Finished job 145.
10 of 69 steps (14%) done

[Thu Aug 15 21:01:46 2019]
Job 61: ---SAM2BAM

[Thu Aug 15 21:41:39 2019]
Finished job 61.
11 of 69 steps (16%) done

[Thu Aug 15 21:41:39 2019]
rule primary_filter:
    input: /workdir/users/agk85/CDC2/mapping/mapping_t1/B370-4/B370-4.sam
    output: /workdir/users/agk85/CDC2/mapping/mapping_t1/B370-4/B370-4.nss.sam
    jobid: 107
    wildcards: NAME=B370-4
    resources: mem_mb=15

[Thu Aug 15 21:46:09 2019]
Finished job 107.
12 of 69 steps (17%) done

[Thu Aug 15 21:46:09 2019]
rule bwa:
    input: /workdir/data/CDC/metagenomes/merged/unzip/B320-2.1.fastq, /workdir/data/CDC/metagenomes/merged/unzip/B320-2.2.fastq
    output: /workdir/users/agk85/CDC2/mapping/mapping_t1/B320-2/B320-2.sam, /workdir/users/agk85/CDC2/mapping/mapping_t1/B320-2/mapped
    jobid: 127
    wildcards: NAME=B320-2
    resources: mem_mb=30

[Thu Aug 15 22:16:34 2019]
Finished job 127.
13 of 69 steps (19%) done

[Thu Aug 15 22:16:34 2019]
rule primary_filter:
    input: /workdir/users/agk85/CDC2/mapping/mapping_t1/B320-2/B320-2.sam
    output: /workdir/users/agk85/CDC2/mapping/mapping_t1/B320-2/B320-2.nss.sam
    jobid: 89
    wildcards: NAME=B320-2
    resources: mem_mb=15

[Thu Aug 15 22:23:56 2019]
Finished job 89.
14 of 69 steps (20%) done

[Thu Aug 15 22:23:56 2019]
Job 51: ---SAM2BAM

[Thu Aug 15 23:11:22 2019]
Finished job 51.
15 of 69 steps (22%) done

[Thu Aug 15 23:11:22 2019]
rule bwa:
    input: /workdir/data/CDC/metagenomes/merged/unzip/B357-6.1.fastq, /workdir/data/CDC/metagenomes/merged/unzip/B357-6.2.fastq
    output: /workdir/users/agk85/CDC2/mapping/mapping_t1/B357-6/B357-6.sam, /workdir/users/agk85/CDC2/mapping/mapping_t1/B357-6/mapped
    jobid: 141
    wildcards: NAME=B357-6
    resources: mem_mb=30

[Thu Aug 15 23:48:00 2019]
Finished job 141.
16 of 69 steps (23%) done

[Thu Aug 15 23:48:00 2019]
rule primary_filter:
    input: /workdir/users/agk85/CDC2/mapping/mapping_t1/B357-6/B357-6.sam
    output: /workdir/users/agk85/CDC2/mapping/mapping_t1/B357-6/B357-6.nss.sam
    jobid: 103
    wildcards: NAME=B357-6
    resources: mem_mb=15

[Thu Aug 15 23:54:28 2019]
Finished job 103.
17 of 69 steps (25%) done

[Thu Aug 15 23:54:28 2019]
rule bwa:
    input: /workdir/data/CDC/metagenomes/merged/unzip/B370-5.1.fastq, /workdir/data/CDC/metagenomes/merged/unzip/B370-5.2.fastq
    output: /workdir/users/agk85/CDC2/mapping/mapping_t1/B370-5/B370-5.sam, /workdir/users/agk85/CDC2/mapping/mapping_t1/B370-5/mapped
    jobid: 146
    wildcards: NAME=B370-5
    resources: mem_mb=30

[Fri Aug 16 00:50:56 2019]
Finished job 146.
18 of 69 steps (26%) done

[Fri Aug 16 00:50:56 2019]
Job 62: ---SAM2BAM

[Fri Aug 16 01:22:58 2019]
Finished job 62.
19 of 69 steps (28%) done

[Fri Aug 16 01:22:58 2019]
rule primary_filter:
    input: /workdir/users/agk85/CDC2/mapping/mapping_t1/B370-5/B370-5.sam
    output: /workdir/users/agk85/CDC2/mapping/mapping_t1/B370-5/B370-5.nss.sam
    jobid: 108
    wildcards: NAME=B370-5
    resources: mem_mb=15

[Fri Aug 16 01:25:54 2019]
Finished job 108.
20 of 69 steps (29%) done

[Fri Aug 16 01:25:54 2019]
rule bwa:
    input: /workdir/data/CDC/metagenomes/merged/unzip/B331-4.1.fastq, /workdir/data/CDC/metagenomes/merged/unzip/B331-4.2.fastq
    output: /workdir/users/agk85/CDC2/mapping/mapping_t1/B331-4/B331-4.sam, /workdir/users/agk85/CDC2/mapping/mapping_t1/B331-4/mapped
    jobid: 132
    wildcards: NAME=B331-4
    resources: mem_mb=30

[Fri Aug 16 01:49:35 2019]
Finished job 132.
21 of 69 steps (30%) done

[Fri Aug 16 01:49:35 2019]
rule primary_filter:
    input: /workdir/users/agk85/CDC2/mapping/mapping_t1/B331-4/B331-4.sam
    output: /workdir/users/agk85/CDC2/mapping/mapping_t1/B331-4/B331-4.nss.sam
    jobid: 94
    wildcards: NAME=B331-4
    resources: mem_mb=15

[Fri Aug 16 01:55:38 2019]
Finished job 94.
22 of 69 steps (32%) done

[Fri Aug 16 01:55:38 2019]
Job 63: ---SAM2BAM

[Fri Aug 16 02:20:15 2019]
Finished job 63.
23 of 69 steps (33%) done

[Fri Aug 16 02:20:15 2019]
Job 56: ---SAM2BAM

[Fri Aug 16 02:43:19 2019]
Finished job 56.
24 of 69 steps (35%) done

[Fri Aug 16 02:43:19 2019]
rule bwa:
    input: /workdir/data/CDC/metagenomes/merged/unzip/B331-2.1.fastq, /workdir/data/CDC/metagenomes/merged/unzip/B331-2.2.fastq
    output: /workdir/users/agk85/CDC2/mapping/mapping_t1/B331-2/B331-2.sam, /workdir/users/agk85/CDC2/mapping/mapping_t1/B331-2/mapped
    jobid: 152
    wildcards: NAME=B331-2
    resources: mem_mb=30

[Fri Aug 16 02:57:18 2019]
Finished job 152.
25 of 69 steps (36%) done

[Fri Aug 16 02:57:18 2019]
rule primary_filter:
    input: /workdir/users/agk85/CDC2/mapping/mapping_t1/B331-2/B331-2.sam
    output: /workdir/users/agk85/CDC2/mapping/mapping_t1/B331-2/B331-2.nss.sam
    jobid: 114
    wildcards: NAME=B331-2
    resources: mem_mb=15

[Fri Aug 16 03:00:48 2019]
Finished job 114.
26 of 69 steps (38%) done

[Fri Aug 16 03:00:48 2019]
Job 76: ---SAM2BAM

[Fri Aug 16 03:20:25 2019]
Finished job 76.
27 of 69 steps (39%) done

[Fri Aug 16 03:20:25 2019]
Job 65: ---SAM2BAM

[Fri Aug 16 03:40:24 2019]
Finished job 65.
28 of 69 steps (41%) done

[Fri Aug 16 03:40:24 2019]
rule bwa:
    input: /workdir/data/CDC/metagenomes/merged/unzip/B331-3.1.fastq, /workdir/data/CDC/metagenomes/merged/unzip/B331-3.2.fastq
    output: /workdir/users/agk85/CDC2/mapping/mapping_t1/B331-3/B331-3.sam, /workdir/users/agk85/CDC2/mapping/mapping_t1/B331-3/mapped
    jobid: 131
    wildcards: NAME=B331-3
    resources: mem_mb=30

[Fri Aug 16 03:54:15 2019]
Finished job 131.
29 of 69 steps (42%) done

[Fri Aug 16 03:54:15 2019]
rule primary_filter:
    input: /workdir/users/agk85/CDC2/mapping/mapping_t1/B331-3/B331-3.sam
    output: /workdir/users/agk85/CDC2/mapping/mapping_t1/B331-3/B331-3.nss.sam
    jobid: 93
    wildcards: NAME=B331-3
    resources: mem_mb=15

[Fri Aug 16 03:56:50 2019]
Finished job 93.
30 of 69 steps (43%) done

[Fri Aug 16 03:56:50 2019]
Job 55: ---SAM2BAM

[Fri Aug 16 04:15:18 2019]
Finished job 55.
31 of 69 steps (45%) done

[Fri Aug 16 04:15:18 2019]
Job 69: ---SAM2BAM

[Fri Aug 16 04:31:20 2019]
Finished job 69.
32 of 69 steps (46%) done

[Fri Aug 16 04:31:20 2019]
rule bwa:
    input: /workdir/data/CDC/metagenomes/merged/unzip/US8-5.1.fastq, /workdir/data/CDC/metagenomes/merged/unzip/US8-5.2.fastq
    output: /workdir/users/agk85/CDC2/mapping/mapping_t1/US8-5/US8-5.sam, /workdir/users/agk85/CDC2/mapping/mapping_t1/US8-5/mapped
    jobid: 151
    wildcards: NAME=US8-5
    resources: mem_mb=30

[Fri Aug 16 04:42:17 2019]
Finished job 151.
33 of 69 steps (48%) done

[Fri Aug 16 04:42:17 2019]
rule primary_filter:
    input: /workdir/users/agk85/CDC2/mapping/mapping_t1/US8-5/US8-5.sam
    output: /workdir/users/agk85/CDC2/mapping/mapping_t1/US8-5/US8-5.nss.sam
    jobid: 113
    wildcards: NAME=US8-5
    resources: mem_mb=15

[Fri Aug 16 04:44:13 2019]
Finished job 113.
34 of 69 steps (49%) done

[Fri Aug 16 04:44:13 2019]
Job 75: ---SAM2BAM

[Fri Aug 16 04:55:43 2019]
Finished job 75.
35 of 69 steps (51%) done

[Fri Aug 16 04:55:43 2019]
rule bwa:
    input: /workdir/data/CDC/metagenomes/merged/unzip/US8-3.1.fastq, /workdir/data/CDC/metagenomes/merged/unzip/US8-3.2.fastq
    output: /workdir/users/agk85/CDC2/mapping/mapping_t1/US8-3/US8-3.sam, /workdir/users/agk85/CDC2/mapping/mapping_t1/US8-3/mapped
    jobid: 149
    wildcards: NAME=US8-3
    resources: mem_mb=30

[Fri Aug 16 05:06:49 2019]
Finished job 149.
36 of 69 steps (52%) done

[Fri Aug 16 05:06:49 2019]
rule primary_filter:
    input: /workdir/users/agk85/CDC2/mapping/mapping_t1/US8-3/US8-3.sam
    output: /workdir/users/agk85/CDC2/mapping/mapping_t1/US8-3/US8-3.nss.sam
    jobid: 111
    wildcards: NAME=US8-3
    resources: mem_mb=15

[Fri Aug 16 05:08:42 2019]
Finished job 111.
37 of 69 steps (54%) done

[Fri Aug 16 05:08:42 2019]
Job 73: ---SAM2BAM

[Fri Aug 16 05:19:42 2019]
Finished job 73.
38 of 69 steps (55%) done

[Fri Aug 16 05:19:42 2019]
rule bwa:
    input: /workdir/data/CDC/metagenomes/merged/unzip/US8-4.1.fastq, /workdir/data/CDC/metagenomes/merged/unzip/US8-4.2.fastq
    output: /workdir/users/agk85/CDC2/mapping/mapping_t1/US8-4/US8-4.sam, /workdir/users/agk85/CDC2/mapping/mapping_t1/US8-4/mapped
    jobid: 150
    wildcards: NAME=US8-4
    resources: mem_mb=30

[Fri Aug 16 05:29:43 2019]
Finished job 150.
39 of 69 steps (57%) done

[Fri Aug 16 05:29:43 2019]
rule primary_filter:
    input: /workdir/users/agk85/CDC2/mapping/mapping_t1/US8-4/US8-4.sam
    output: /workdir/users/agk85/CDC2/mapping/mapping_t1/US8-4/US8-4.nss.sam
    jobid: 112
    wildcards: NAME=US8-4
    resources: mem_mb=15

[Fri Aug 16 05:31:26 2019]
Finished job 112.
40 of 69 steps (58%) done

[Fri Aug 16 05:31:26 2019]
Job 74: ---SAM2BAM

[Fri Aug 16 05:41:58 2019]
Finished job 74.
41 of 69 steps (59%) done

[Fri Aug 16 05:41:58 2019]
rule bwa:
    input: /workdir/data/CDC/metagenomes/merged/unzip/US8-2.1.fastq, /workdir/data/CDC/metagenomes/merged/unzip/US8-2.2.fastq
    output: /workdir/users/agk85/CDC2/mapping/mapping_t1/US8-2/US8-2.sam, /workdir/users/agk85/CDC2/mapping/mapping_t1/US8-2/mapped
    jobid: 148
    wildcards: NAME=US8-2
    resources: mem_mb=30

[Fri Aug 16 05:56:42 2019]
Finished job 148.
42 of 69 steps (61%) done

[Fri Aug 16 05:56:42 2019]
rule primary_filter:
    input: /workdir/users/agk85/CDC2/mapping/mapping_t1/US8-2/US8-2.sam
    output: /workdir/users/agk85/CDC2/mapping/mapping_t1/US8-2/US8-2.nss.sam
    jobid: 110
    wildcards: NAME=US8-2
    resources: mem_mb=15

[Fri Aug 16 05:58:32 2019]
Finished job 110.
43 of 69 steps (62%) done

[Fri Aug 16 05:58:32 2019]
Job 72: ---SAM2BAM

[Fri Aug 16 06:07:47 2019]
Finished job 72.
44 of 69 steps (64%) done

[Fri Aug 16 06:07:47 2019]
rule bwa:
    input: /workdir/data/CDC/metagenomes/merged/unzip/US8-1.1.fastq, /workdir/data/CDC/metagenomes/merged/unzip/US8-1.2.fastq
    output: /workdir/users/agk85/CDC2/mapping/mapping_t1/US8-1/US8-1.sam, /workdir/users/agk85/CDC2/mapping/mapping_t1/US8-1/mapped
    jobid: 147
    wildcards: NAME=US8-1
    resources: mem_mb=30

[Fri Aug 16 06:16:46 2019]
Finished job 147.
45 of 69 steps (65%) done

[Fri Aug 16 06:16:46 2019]
rule primary_filter:
    input: /workdir/users/agk85/CDC2/mapping/mapping_t1/US8-1/US8-1.sam
    output: /workdir/users/agk85/CDC2/mapping/mapping_t1/US8-1/US8-1.nss.sam
    jobid: 109
    wildcards: NAME=US8-1
    resources: mem_mb=15

[Fri Aug 16 06:18:20 2019]
Finished job 109.
46 of 69 steps (67%) done

[Fri Aug 16 06:18:20 2019]
Job 71: ---SAM2BAM

[Fri Aug 16 06:27:47 2019]
Finished job 71.
47 of 69 steps (68%) done

[Fri Aug 16 06:27:47 2019]
rule bwa:
    input: /workdir/data/CDC/metagenomes/merged/unzip/B357-1.1.fastq, /workdir/data/CDC/metagenomes/merged/unzip/B357-1.2.fastq
    output: /workdir/users/agk85/CDC2/mapping/mapping_t1/B357-1/B357-1.sam, /workdir/users/agk85/CDC2/mapping/mapping_t1/B357-1/mapped
    jobid: 136
    wildcards: NAME=B357-1
    resources: mem_mb=30

[Fri Aug 16 06:34:22 2019]
Finished job 136.
48 of 69 steps (70%) done

[Fri Aug 16 06:34:22 2019]
rule primary_filter:
    input: /workdir/users/agk85/CDC2/mapping/mapping_t1/B357-1/B357-1.sam
    output: /workdir/users/agk85/CDC2/mapping/mapping_t1/B357-1/B357-1.nss.sam
    jobid: 98
    wildcards: NAME=B357-1
    resources: mem_mb=15

[Fri Aug 16 06:36:04 2019]
Finished job 98.
49 of 69 steps (71%) done

[Fri Aug 16 06:36:04 2019]
Job 60: ---SAM2BAM

[Fri Aug 16 06:43:55 2019]
Finished job 60.
50 of 69 steps (72%) done

[Fri Aug 16 06:43:55 2019]
Job 26: ---SORTED

[Fri Aug 16 07:02:47 2019]
Finished job 26.
51 of 69 steps (74%) done

[Fri Aug 16 07:02:47 2019]
Job 23: ---SORTED

[Fri Aug 16 07:16:17 2019]
Finished job 23.
52 of 69 steps (75%) done

[Fri Aug 16 07:16:17 2019]
Job 70: ---SAM2BAM

[Fri Aug 16 07:24:29 2019]
Finished job 70.
53 of 69 steps (77%) done

[Fri Aug 16 07:24:29 2019]
Job 13: ---SORTED

[Fri Aug 16 07:36:23 2019]
Finished job 13.
54 of 69 steps (78%) done

[Fri Aug 16 07:36:23 2019]
Job 24: ---SORTED

[Fri Aug 16 07:46:48 2019]
Finished job 24.
55 of 69 steps (80%) done

[Fri Aug 16 07:46:48 2019]
Job 18: ---SORTED

[Fri Aug 16 07:54:31 2019]
Finished job 18.
56 of 69 steps (81%) done

[Fri Aug 16 07:54:31 2019]
Job 25: ---SORTED

[Fri Aug 16 08:03:03 2019]
Finished job 25.
57 of 69 steps (83%) done

[Fri Aug 16 08:03:03 2019]
Job 38: ---SORTED

[Fri Aug 16 08:10:49 2019]
Finished job 38.
58 of 69 steps (84%) done

[Fri Aug 16 08:10:49 2019]
Job 27: ---SORTED

[Fri Aug 16 08:18:22 2019]
Finished job 27.
59 of 69 steps (86%) done

[Fri Aug 16 08:18:22 2019]
Job 17: ---SORTED

[Fri Aug 16 08:24:50 2019]
Finished job 17.
60 of 69 steps (87%) done

[Fri Aug 16 08:24:50 2019]
Job 31: ---SORTED

[Fri Aug 16 08:30:37 2019]
Finished job 31.
61 of 69 steps (88%) done

[Fri Aug 16 08:30:37 2019]
Job 37: ---SORTED

[Fri Aug 16 08:36:42 2019]
Finished job 37.
62 of 69 steps (90%) done

[Fri Aug 16 08:36:42 2019]
Job 35: ---SORTED

[Fri Aug 16 08:42:32 2019]
Finished job 35.
63 of 69 steps (91%) done

[Fri Aug 16 08:42:32 2019]
Job 36: ---SORTED

[Fri Aug 16 08:46:50 2019]
Finished job 36.
64 of 69 steps (93%) done

[Fri Aug 16 08:46:50 2019]
Job 34: ---SORTED

[Fri Aug 16 08:50:32 2019]
Finished job 34.
65 of 69 steps (94%) done

[Fri Aug 16 08:50:32 2019]
Job 33: ---SORTED

[Fri Aug 16 08:54:18 2019]
Finished job 33.
66 of 69 steps (96%) done

[Fri Aug 16 08:54:18 2019]
Job 22: ---SORTED

[Fri Aug 16 08:58:57 2019]
Finished job 22.
67 of 69 steps (97%) done

[Fri Aug 16 08:58:57 2019]
Job 32: ---SORTED

[Fri Aug 16 09:03:56 2019]
Finished job 32.
68 of 69 steps (99%) done

[Fri Aug 16 09:03:56 2019]
localrule final:
    input: /workdir/users/agk85/CDC2/mapping/mapping_t1/B314-1/done, /workdir/users/agk85/CDC2/mapping/mapping_t1/B314-2/done, /workdir/users/agk85/CDC2/mapping/mapping_t1/B314-3/done, /workdir/users/agk85/CDC2/mapping/mapping_t1/B314-4/done, /workdir/users/agk85/CDC2/mapping/mapping_t1/B316-1/done, /workdir/users/agk85/CDC2/mapping/mapping_t1/B316-2/done, /workdir/users/agk85/CDC2/mapping/mapping_t1/B316-3/done, /workdir/users/agk85/CDC2/mapping/mapping_t1/B316-4/done, /workdir/users/agk85/CDC2/mapping/mapping_t1/B316-5/done, /workdir/users/agk85/CDC2/mapping/mapping_t1/B316-6/done, /workdir/users/agk85/CDC2/mapping/mapping_t1/B316-7/done, /workdir/users/agk85/CDC2/mapping/mapping_t1/B320-1/done, /workdir/users/agk85/CDC2/mapping/mapping_t1/B320-2/done, /workdir/users/agk85/CDC2/mapping/mapping_t1/B320-3/done, /workdir/users/agk85/CDC2/mapping/mapping_t1/B320-5/done, /workdir/users/agk85/CDC2/mapping/mapping_t1/B331-1/done, /workdir/users/agk85/CDC2/mapping/mapping_t1/B331-3/done, /workdir/users/agk85/CDC2/mapping/mapping_t1/B331-4/done, /workdir/users/agk85/CDC2/mapping/mapping_t1/B335-1/done, /workdir/users/agk85/CDC2/mapping/mapping_t1/B335-2/done, /workdir/users/agk85/CDC2/mapping/mapping_t1/B335-3/done, /workdir/users/agk85/CDC2/mapping/mapping_t1/B357-1/done, /workdir/users/agk85/CDC2/mapping/mapping_t1/B357-2/done, /workdir/users/agk85/CDC2/mapping/mapping_t1/B357-3/done, /workdir/users/agk85/CDC2/mapping/mapping_t1/B357-4/done, /workdir/users/agk85/CDC2/mapping/mapping_t1/B357-5/done, /workdir/users/agk85/CDC2/mapping/mapping_t1/B357-6/done, /workdir/users/agk85/CDC2/mapping/mapping_t1/B370-1/done, /workdir/users/agk85/CDC2/mapping/mapping_t1/B370-2/done, /workdir/users/agk85/CDC2/mapping/mapping_t1/B370-3/done, /workdir/users/agk85/CDC2/mapping/mapping_t1/B370-4/done, /workdir/users/agk85/CDC2/mapping/mapping_t1/B370-5/done, /workdir/users/agk85/CDC2/mapping/mapping_t1/US8-1/done, /workdir/users/agk85/CDC2/mapping/mapping_t1/US8-2/done, /workdir/users/agk85/CDC2/mapping/mapping_t1/US8-3/done, /workdir/users/agk85/CDC2/mapping/mapping_t1/US8-4/done, /workdir/users/agk85/CDC2/mapping/mapping_t1/US8-5/done, /workdir/users/agk85/CDC2/mapping/mapping_t1/B331-2/done
    jobid: 0

[Fri Aug 16 09:03:56 2019]
Finished job 0.
69 of 69 steps (100%) done
Complete log: /local/workdir/users/agk85/CDC2/scripts/binning_scripts/.snakemake/log/2019-08-15T161739.525042.snakemake.log
