Building DAG of jobs...
Using shell: /usr/bin/bash
Provided cores: 1
Rules claiming more threads will be scaled down.
Unlimited resources: mem_mb
Job counts:
	count	jobs
	4	bwa
	1	final
	4	primary_filter
	4	sam2bam
	4	sorted
	17

[Fri Aug 16 13:29:39 2019]
rule bwa:
    input: /workdir/data/CDC/metagenomes/merged/unzip/US3-10.1.fastq, /workdir/data/CDC/metagenomes/merged/unzip/US3-10.2.fastq
    output: /workdir/users/agk85/CDC2/mapping/mapping_t14/US3-10/US3-10.sam, /workdir/users/agk85/CDC2/mapping/mapping_t14/US3-10/mapped
    jobid: 17
    wildcards: NAME=US3-10
    resources: mem_mb=30

[Fri Aug 16 13:48:41 2019]
Finished job 17.
1 of 17 steps (6%) done

[Fri Aug 16 13:48:41 2019]
rule primary_filter:
    input: /workdir/users/agk85/CDC2/mapping/mapping_t14/US3-10/US3-10.sam
    output: /workdir/users/agk85/CDC2/mapping/mapping_t14/US3-10/US3-10.nss.sam
    jobid: 12
    wildcards: NAME=US3-10
    resources: mem_mb=15

[Fri Aug 16 13:51:51 2019]
Finished job 12.
2 of 17 steps (12%) done

[Fri Aug 16 13:51:51 2019]
Job 7: ---SAM2BAM

[Fri Aug 16 14:09:30 2019]
Finished job 7.
3 of 17 steps (18%) done

[Fri Aug 16 14:09:30 2019]
rule bwa:
    input: /workdir/data/CDC/metagenomes/merged/unzip/US3-12.1.fastq, /workdir/data/CDC/metagenomes/merged/unzip/US3-12.2.fastq
    output: /workdir/users/agk85/CDC2/mapping/mapping_t14/US3-12/US3-12.sam, /workdir/users/agk85/CDC2/mapping/mapping_t14/US3-12/mapped
    jobid: 18
    wildcards: NAME=US3-12
    resources: mem_mb=30

[Fri Aug 16 14:23:18 2019]
Finished job 18.
4 of 17 steps (24%) done

[Fri Aug 16 14:23:18 2019]
rule primary_filter:
    input: /workdir/users/agk85/CDC2/mapping/mapping_t14/US3-12/US3-12.sam
    output: /workdir/users/agk85/CDC2/mapping/mapping_t14/US3-12/US3-12.nss.sam
    jobid: 13
    wildcards: NAME=US3-12
    resources: mem_mb=15

[Fri Aug 16 14:25:50 2019]
Finished job 13.
5 of 17 steps (29%) done

[Fri Aug 16 14:25:50 2019]
Job 8: ---SAM2BAM

[Fri Aug 16 14:40:49 2019]
Finished job 8.
6 of 17 steps (35%) done

[Fri Aug 16 14:40:49 2019]
rule bwa:
    input: /workdir/data/CDC/metagenomes/merged/unzip/US3-8.1.fastq, /workdir/data/CDC/metagenomes/merged/unzip/US3-8.2.fastq
    output: /workdir/users/agk85/CDC2/mapping/mapping_t14/US3-8/US3-8.sam, /workdir/users/agk85/CDC2/mapping/mapping_t14/US3-8/mapped
    jobid: 16
    wildcards: NAME=US3-8
    resources: mem_mb=30

[Fri Aug 16 14:56:26 2019]
Finished job 16.
7 of 17 steps (41%) done

[Fri Aug 16 14:56:26 2019]
rule primary_filter:
    input: /workdir/users/agk85/CDC2/mapping/mapping_t14/US3-8/US3-8.sam
    output: /workdir/users/agk85/CDC2/mapping/mapping_t14/US3-8/US3-8.nss.sam
    jobid: 11
    wildcards: NAME=US3-8
    resources: mem_mb=15

[Fri Aug 16 14:59:18 2019]
Finished job 11.
8 of 17 steps (47%) done

[Fri Aug 16 14:59:18 2019]
Job 6: ---SAM2BAM

[Fri Aug 16 15:30:27 2019]
Finished job 6.
9 of 17 steps (53%) done

[Fri Aug 16 15:30:27 2019]
rule bwa:
    input: /workdir/data/CDC/metagenomes/merged/unzip/US3-16.1.fastq, /workdir/data/CDC/metagenomes/merged/unzip/US3-16.2.fastq
    output: /workdir/users/agk85/CDC2/mapping/mapping_t14/US3-16/US3-16.sam, /workdir/users/agk85/CDC2/mapping/mapping_t14/US3-16/mapped
    jobid: 20
    wildcards: NAME=US3-16
    resources: mem_mb=30

[Fri Aug 16 15:44:12 2019]
Finished job 20.
10 of 17 steps (59%) done

[Fri Aug 16 15:44:12 2019]
rule primary_filter:
    input: /workdir/users/agk85/CDC2/mapping/mapping_t14/US3-16/US3-16.sam
    output: /workdir/users/agk85/CDC2/mapping/mapping_t14/US3-16/US3-16.nss.sam
    jobid: 15
    wildcards: NAME=US3-16
    resources: mem_mb=15

[Fri Aug 16 15:46:35 2019]
Finished job 15.
11 of 17 steps (65%) done

[Fri Aug 16 15:46:35 2019]
Job 10: ---SAM2BAM

[Fri Aug 16 16:02:14 2019]
Finished job 10.
12 of 17 steps (71%) done

[Fri Aug 16 16:02:14 2019]
Job 2: ---SORTED

[Fri Aug 16 16:02:45 2019]
Error in rule sorted:
    jobid: 2
    output: /workdir/users/agk85/CDC2/mapping/mapping_t14/US3-10/US3-10.sorted.bam, /workdir/users/agk85/CDC2/mapping/mapping_t14/US3-10/done

RuleException:
CalledProcessError in line 79 of /local/workdir/users/agk85/CDC2/scripts/binning_scripts/snake_bwa_scaffold_t14:
Command 'set -euo pipefail;  /programs/samtools-1.3.2/bin/samtools sort -O BAM --threads 8 -o /workdir/users/agk85/CDC2/mapping/mapping_t14/US3-10/US3-10.sorted.bam -T US3-10 /workdir/users/agk85/CDC2/mapping/mapping_t14/US3-10/US3-10.nss.bam
		/programs/samtools-1.3.2/bin/samtools index /workdir/users/agk85/CDC2/mapping/mapping_t14/US3-10/US3-10.sorted.bam
		rm /workdir/users/agk85/CDC2/mapping/mapping_t14/US3-10/US3-10.nss.bam
		touch /workdir/users/agk85/CDC2/mapping/mapping_t14/US3-10/done' returned non-zero exit status 1.
  File "/local/workdir/users/agk85/CDC2/scripts/binning_scripts/snake_bwa_scaffold_t14", line 79, in __rule_sorted
  File "/usr/lib64/python3.6/concurrent/futures/thread.py", line 56, in run
Shutting down, this might take some time.
Exiting because a job execution failed. Look above for error message
Complete log: /local/workdir/users/agk85/CDC2/scripts/binning_scripts/.snakemake/log/2019-08-16T132939.022106.snakemake.log
