Building DAG of jobs...
Using shell: /usr/bin/bash
Provided cores: 1
Rules claiming more threads will be scaled down.
Unlimited resources: mem_mb
Job counts:
	count	jobs
	2	bwa
	1	final
	2	primary_filter
	2	sam2bam
	4	sorted
	11

[Fri Aug 16 12:34:13 2019]
rule bwa:
    input: /workdir/data/CDC/metagenomes/merged/unzip/US3-14.1.fastq, /workdir/data/CDC/metagenomes/merged/unzip/US3-14.2.fastq
    output: /workdir/users/agk85/CDC2/mapping/mapping_t8/US3-14/US3-14.sam, /workdir/users/agk85/CDC2/mapping/mapping_t8/US3-14/mapped
    jobid: 19
    wildcards: NAME=US3-14
    resources: mem_mb=30

[Fri Aug 16 12:45:28 2019]
Finished job 19.
1 of 11 steps (9%) done

[Fri Aug 16 12:45:28 2019]
rule primary_filter:
    input: /workdir/users/agk85/CDC2/mapping/mapping_t8/US3-14/US3-14.sam
    output: /workdir/users/agk85/CDC2/mapping/mapping_t8/US3-14/US3-14.nss.sam, /workdir/users/agk85/CDC2/mapping/mapping_t8/US3-14/filtered
    jobid: 14
    wildcards: NAME=US3-14
    resources: mem_mb=15

[Fri Aug 16 12:47:33 2019]
Finished job 14.
2 of 11 steps (18%) done

[Fri Aug 16 12:47:33 2019]
Job 9: ---SAM2BAM

[Fri Aug 16 12:59:26 2019]
Finished job 9.
3 of 11 steps (27%) done

[Fri Aug 16 12:59:26 2019]
rule bwa:
    input: /workdir/data/CDC/metagenomes/merged/unzip/US3-16.1.fastq, /workdir/data/CDC/metagenomes/merged/unzip/US3-16.2.fastq
    output: /workdir/users/agk85/CDC2/mapping/mapping_t8/US3-16/US3-16.sam, /workdir/users/agk85/CDC2/mapping/mapping_t8/US3-16/mapped
    jobid: 20
    wildcards: NAME=US3-16
    resources: mem_mb=30

[Fri Aug 16 13:09:47 2019]
Finished job 20.
4 of 11 steps (36%) done

[Fri Aug 16 13:09:47 2019]
rule primary_filter:
    input: /workdir/users/agk85/CDC2/mapping/mapping_t8/US3-16/US3-16.sam
    output: /workdir/users/agk85/CDC2/mapping/mapping_t8/US3-16/US3-16.nss.sam, /workdir/users/agk85/CDC2/mapping/mapping_t8/US3-16/filtered
    jobid: 15
    wildcards: NAME=US3-16
    resources: mem_mb=15

[Fri Aug 16 13:12:00 2019]
Finished job 15.
5 of 11 steps (45%) done

[Fri Aug 16 13:12:00 2019]
Job 10: ---SAM2BAM

[Fri Aug 16 13:23:16 2019]
Finished job 10.
6 of 11 steps (55%) done

[Fri Aug 16 13:23:16 2019]
Job 2: ---SORTED

Terminating processes on user request, this might take some time.
Cancelling snakemake on user request.
