Building DAG of jobs...
Using shell: /usr/bin/bash
Provided cores: 1
Rules claiming more threads will be scaled down.
Unlimited resources: mem_mb
Job counts:
	count	jobs
	4	bwa
	1	final
	4	primary_filter
	4	sam2bam
	4	sorted
	17

[Fri Aug 16 13:27:13 2019]
rule bwa:
    input: /workdir/data/CDC/metagenomes/merged/unzip/US3-12.1.fastq, /workdir/data/CDC/metagenomes/merged/unzip/US3-12.2.fastq
    output: /workdir/users/agk85/CDC2/mapping/mapping_t10/US3-12/US3-12.sam, /workdir/users/agk85/CDC2/mapping/mapping_t10/US3-12/mapped
    jobid: 18
    wildcards: NAME=US3-12
    resources: mem_mb=30

[Fri Aug 16 13:41:30 2019]
Finished job 18.
1 of 17 steps (6%) done

[Fri Aug 16 13:41:30 2019]
rule primary_filter:
    input: /workdir/users/agk85/CDC2/mapping/mapping_t10/US3-12/US3-12.sam
    output: /workdir/users/agk85/CDC2/mapping/mapping_t10/US3-12/US3-12.nss.sam
    jobid: 13
    wildcards: NAME=US3-12
    resources: mem_mb=15

[Fri Aug 16 13:44:01 2019]
Finished job 13.
2 of 17 steps (12%) done

[Fri Aug 16 13:44:01 2019]
Job 8: ---SAM2BAM

[Fri Aug 16 13:56:27 2019]
Finished job 8.
3 of 17 steps (18%) done

[Fri Aug 16 13:56:27 2019]
rule bwa:
    input: /workdir/data/CDC/metagenomes/merged/unzip/US3-8.1.fastq, /workdir/data/CDC/metagenomes/merged/unzip/US3-8.2.fastq
    output: /workdir/users/agk85/CDC2/mapping/mapping_t10/US3-8/US3-8.sam, /workdir/users/agk85/CDC2/mapping/mapping_t10/US3-8/mapped
    jobid: 16
    wildcards: NAME=US3-8
    resources: mem_mb=30

[Fri Aug 16 14:08:43 2019]
Finished job 16.
4 of 17 steps (24%) done

[Fri Aug 16 14:08:43 2019]
rule primary_filter:
    input: /workdir/users/agk85/CDC2/mapping/mapping_t10/US3-8/US3-8.sam
    output: /workdir/users/agk85/CDC2/mapping/mapping_t10/US3-8/US3-8.nss.sam
    jobid: 11
    wildcards: NAME=US3-8
    resources: mem_mb=15

[Fri Aug 16 14:11:33 2019]
Finished job 11.
5 of 17 steps (29%) done

[Fri Aug 16 14:11:33 2019]
Job 6: ---SAM2BAM

[Fri Aug 16 14:26:33 2019]
Finished job 6.
6 of 17 steps (35%) done

[Fri Aug 16 14:26:33 2019]
rule bwa:
    input: /workdir/data/CDC/metagenomes/merged/unzip/US3-14.1.fastq, /workdir/data/CDC/metagenomes/merged/unzip/US3-14.2.fastq
    output: /workdir/users/agk85/CDC2/mapping/mapping_t10/US3-14/US3-14.sam, /workdir/users/agk85/CDC2/mapping/mapping_t10/US3-14/mapped
    jobid: 19
    wildcards: NAME=US3-14
    resources: mem_mb=30

[Fri Aug 16 14:38:43 2019]
Finished job 19.
7 of 17 steps (41%) done

[Fri Aug 16 14:38:43 2019]
rule primary_filter:
    input: /workdir/users/agk85/CDC2/mapping/mapping_t10/US3-14/US3-14.sam
    output: /workdir/users/agk85/CDC2/mapping/mapping_t10/US3-14/US3-14.nss.sam
    jobid: 14
    wildcards: NAME=US3-14
    resources: mem_mb=15

[Fri Aug 16 14:41:46 2019]
Finished job 14.
8 of 17 steps (47%) done

[Fri Aug 16 14:41:46 2019]
Job 9: ---SAM2BAM

[Fri Aug 16 14:56:04 2019]
Finished job 9.
9 of 17 steps (53%) done

[Fri Aug 16 14:56:04 2019]
rule bwa:
    input: /workdir/data/CDC/metagenomes/merged/unzip/US3-16.1.fastq, /workdir/data/CDC/metagenomes/merged/unzip/US3-16.2.fastq
    output: /workdir/users/agk85/CDC2/mapping/mapping_t10/US3-16/US3-16.sam, /workdir/users/agk85/CDC2/mapping/mapping_t10/US3-16/mapped
    jobid: 20
    wildcards: NAME=US3-16
    resources: mem_mb=30

[Fri Aug 16 15:07:48 2019]
Finished job 20.
10 of 17 steps (59%) done

[Fri Aug 16 15:07:48 2019]
rule primary_filter:
    input: /workdir/users/agk85/CDC2/mapping/mapping_t10/US3-16/US3-16.sam
    output: /workdir/users/agk85/CDC2/mapping/mapping_t10/US3-16/US3-16.nss.sam
    jobid: 15
    wildcards: NAME=US3-16
    resources: mem_mb=15

[Fri Aug 16 15:14:03 2019]
Finished job 15.
11 of 17 steps (65%) done

[Fri Aug 16 15:14:03 2019]
Job 10: ---SAM2BAM

[Fri Aug 16 15:40:13 2019]
Finished job 10.
12 of 17 steps (71%) done

[Fri Aug 16 15:40:13 2019]
Job 3: ---SORTED

[Fri Aug 16 15:40:58 2019]
Error in rule sorted:
    jobid: 3
    output: /workdir/users/agk85/CDC2/mapping/mapping_t10/US3-12/US3-12.sorted.bam, /workdir/users/agk85/CDC2/mapping/mapping_t10/US3-12/done

RuleException:
CalledProcessError in line 79 of /local/workdir/users/agk85/CDC2/scripts/binning_scripts/snake_bwa_scaffold_t10:
Command 'set -euo pipefail;  /programs/samtools-1.3.2/bin/samtools sort -O BAM --threads 8 -o /workdir/users/agk85/CDC2/mapping/mapping_t10/US3-12/US3-12.sorted.bam -T US3-12 /workdir/users/agk85/CDC2/mapping/mapping_t10/US3-12/US3-12.nss.bam
		/programs/samtools-1.3.2/bin/samtools index /workdir/users/agk85/CDC2/mapping/mapping_t10/US3-12/US3-12.sorted.bam
		rm /workdir/users/agk85/CDC2/mapping/mapping_t10/US3-12/US3-12.nss.bam
		touch /workdir/users/agk85/CDC2/mapping/mapping_t10/US3-12/done' returned non-zero exit status 1.
  File "/local/workdir/users/agk85/CDC2/scripts/binning_scripts/snake_bwa_scaffold_t10", line 79, in __rule_sorted
  File "/usr/lib64/python3.6/concurrent/futures/thread.py", line 56, in run
Shutting down, this might take some time.
Exiting because a job execution failed. Look above for error message
Complete log: /local/workdir/users/agk85/CDC2/scripts/binning_scripts/.snakemake/log/2019-08-16T132713.718627.snakemake.log
